{
"contracts/erc20.sol":{"l":{"61":35,"62":32,"63":31,"65":30,"66":30,"67":30,"69":30,"76":25,"77":22,"79":21,"80":21,"85":20,"86":18,"88":17,"89":17,"94":12,"95":10,"100":3,"101":2,"108":21,"109":15,"111":14,"112":13,"114":12,"120":9,"122":8,"123":8,"126":8,"128":8,"130":8,"137":99,"139":98,"142":98,"145":93,"146":77,"147":77,"148":5,"152":88,"153":87,"155":79,"156":76,"161":21,"166":6,"172":6,"173":6,"174":6,"182":107},"path":"/home/shailesh/Desktop/Vittagems/Hardhat-Contract/contracts/erc20.sol","s":{"1":35,"2":32,"3":31,"4":30,"5":30,"6":30,"7":25,"8":22,"9":21,"10":20,"11":18,"12":17,"13":12,"14":2,"15":10,"16":3,"17":1,"18":2,"19":21,"20":6,"21":15,"22":1,"23":14,"24":13,"25":1,"26":12,"27":9,"28":1,"29":8,"30":8,"31":8,"32":8,"33":8,"34":99,"35":98,"36":98,"37":93,"38":77,"39":77,"40":88,"41":87,"42":79,"43":76,"44":21,"45":6,"46":6,"47":6,"48":107},"b":{"1":[3,32],"2":[1,31],"3":[1,30],"4":[25,3],"5":[3,22],"6":[1,21],"7":[20,2],"8":[2,18],"9":[1,17],"10":[2,10],"11":[1,2],"12":[6,15],"13":[1,14],"14":[1,12],"15":[1,8],"16":[4,4],"17":[7,1],"18":[5,3],"19":[99,4],"20":[1,98],"21":[5,93],"22":[77,16],"23":[5,72],"24":[1,4],"25":[8,79],"26":[21,1],"27":[6,1],"28":[6,4]},"f":{"1":35,"2":25,"3":20,"4":12,"5":3,"6":21,"7":9,"8":99,"9":21,"10":6,"11":6,"12":107},"fnMap":{"1":{"name":"constructor","line":59,"loc":{"start":{"line":52,"column":4},"end":{"line":70,"column":4}}},"2":{"name":"setReserveOracle","line":75,"loc":{"start":{"line":75,"column":4},"end":{"line":81,"column":4}}},"3":{"name":"lockReserveOracle","line":84,"loc":{"start":{"line":84,"column":4},"end":{"line":90,"column":4}}},"4":{"name":"getReserveValue","line":93,"loc":{"start":{"line":93,"column":4},"end":{"line":96,"column":4}}},"5":{"name":"getReserveLastUpdated","line":99,"loc":{"start":{"line":99,"column":4},"end":{"line":102,"column":4}}},"6":{"name":"isReserveFresh","line":106,"loc":{"start":{"line":106,"column":4},"end":{"line":115,"column":4}}},"7":{"name":"mintableAmount","line":119,"loc":{"start":{"line":119,"column":4},"end":{"line":131,"column":4}}},"8":{"name":"mint","line":136,"loc":{"start":{"line":136,"column":4},"end":{"line":157,"column":4}}},"9":{"name":"pause","line":160,"loc":{"start":{"line":160,"column":4},"end":{"line":162,"column":4}}},"10":{"name":"unpause","line":165,"loc":{"start":{"line":165,"column":4},"end":{"line":167,"column":4}}},"11":{"name":"setStalenessThreshold","line":171,"loc":{"start":{"line":171,"column":4},"end":{"line":175,"column":4}}},"12":{"name":"_update","line":178,"loc":{"start":{"line":178,"column":4},"end":{"line":183,"column":4}}}},"statementMap":{"1":{"start":{"line":61,"column":8},"end":{"line":61,"column":77}},"2":{"start":{"line":62,"column":8},"end":{"line":62,"column":65}},"3":{"start":{"line":63,"column":8},"end":{"line":63,"column":65}},"4":{"start":{"line":65,"column":8},"end":{"line":65,"column":51}},"5":{"start":{"line":66,"column":8},"end":{"line":66,"column":38}},"6":{"start":{"line":67,"column":8},"end":{"line":67,"column":38}},"7":{"start":{"line":76,"column":8},"end":{"line":76,"column":61}},"8":{"start":{"line":77,"column":8},"end":{"line":77,"column":66}},"9":{"start":{"line":80,"column":8},"end":{"line":80,"column":38}},"10":{"start":{"line":85,"column":8},"end":{"line":85,"column":78}},"11":{"start":{"line":86,"column":8},"end":{"line":86,"column":61}},"12":{"start":{"line":89,"column":8},"end":{"line":89,"column":56}},"13":{"start":{"line":94,"column":8},"end":{"line":94,"column":58}},"14":{"start":{"line":94,"column":50},"end":{"line":94,"column":58}},"15":{"start":{"line":95,"column":8},"end":{"line":95,"column":48}},"16":{"start":{"line":100,"column":8},"end":{"line":100,"column":58}},"17":{"start":{"line":100,"column":50},"end":{"line":100,"column":58}},"18":{"start":{"line":101,"column":8},"end":{"line":101,"column":44}},"19":{"start":{"line":108,"column":8},"end":{"line":108,"column":55}},"20":{"start":{"line":108,"column":44},"end":{"line":108,"column":55}},"21":{"start":{"line":109,"column":8},"end":{"line":109,"column":62}},"22":{"start":{"line":109,"column":50},"end":{"line":109,"column":62}},"23":{"start":{"line":111,"column":8},"end":{"line":111,"column":59}},"24":{"start":{"line":112,"column":8},"end":{"line":112,"column":42}},"25":{"start":{"line":112,"column":30},"end":{"line":112,"column":42}},"26":{"start":{"line":114,"column":8},"end":{"line":114,"column":75}},"27":{"start":{"line":120,"column":8},"end":{"line":120,"column":39}},"28":{"start":{"line":120,"column":31},"end":{"line":120,"column":39}},"29":{"start":{"line":122,"column":8},"end":{"line":122,"column":43}},"30":{"start":{"line":123,"column":8},"end":{"line":123,"column":38}},"31":{"start":{"line":126,"column":8},"end":{"line":126,"column":68}},"32":{"start":{"line":128,"column":8},"end":{"line":128,"column":70}},"33":{"start":{"line":130,"column":8},"end":{"line":130,"column":56}},"34":{"start":{"line":137,"column":8},"end":{"line":137,"column":78}},"35":{"start":{"line":139,"column":8},"end":{"line":139,"column":49}},"36":{"start":{"line":142,"column":8},"end":{"line":142,"column":81}},"37":{"start":{"line":145,"column":8},"end":{"line":145,"column":6375}},"38":{"start":{"line":146,"column":12},"end":{"line":146,"column":63}},"39":{"start":{"line":147,"column":12},"end":{"line":147,"column":6560}},"40":{"start":{"line":152,"column":8},"end":{"line":152,"column":64}},"41":{"start":{"line":153,"column":8},"end":{"line":153,"column":87}},"42":{"start":{"line":155,"column":8},"end":{"line":155,"column":24}},"43":{"start":{"line":156,"column":8},"end":{"line":156,"column":69}},"44":{"start":{"line":161,"column":8},"end":{"line":161,"column":15}},"45":{"start":{"line":166,"column":8},"end":{"line":166,"column":17}},"46":{"start":{"line":172,"column":8},"end":{"line":172,"column":47}},"47":{"start":{"line":174,"column":8},"end":{"line":174,"column":58}},"48":{"start":{"line":182,"column":8},"end":{"line":182,"column":37}}},"branchMap":{"1":{"line":61,"type":"if","locations":[{"start":{"line":61,"column":8},"end":{"line":61,"column":8}},{"start":{"line":61,"column":8},"end":{"line":61,"column":8}}]},"2":{"line":62,"type":"if","locations":[{"start":{"line":62,"column":8},"end":{"line":62,"column":8}},{"start":{"line":62,"column":8},"end":{"line":62,"column":8}}]},"3":{"line":63,"type":"if","locations":[{"start":{"line":63,"column":8},"end":{"line":63,"column":8}},{"start":{"line":63,"column":8},"end":{"line":63,"column":8}}]},"4":{"line":75,"type":"if","locations":[{"start":{"line":75,"column":56},"end":{"line":75,"column":56}},{"start":{"line":75,"column":56},"end":{"line":75,"column":56}}]},"5":{"line":76,"type":"if","locations":[{"start":{"line":76,"column":8},"end":{"line":76,"column":8}},{"start":{"line":76,"column":8},"end":{"line":76,"column":8}}]},"6":{"line":77,"type":"if","locations":[{"start":{"line":77,"column":8},"end":{"line":77,"column":8}},{"start":{"line":77,"column":8},"end":{"line":77,"column":8}}]},"7":{"line":84,"type":"if","locations":[{"start":{"line":84,"column":42},"end":{"line":84,"column":42}},{"start":{"line":84,"column":42},"end":{"line":84,"column":42}}]},"8":{"line":85,"type":"if","locations":[{"start":{"line":85,"column":8},"end":{"line":85,"column":8}},{"start":{"line":85,"column":8},"end":{"line":85,"column":8}}]},"9":{"line":86,"type":"if","locations":[{"start":{"line":86,"column":8},"end":{"line":86,"column":8}},{"start":{"line":86,"column":8},"end":{"line":86,"column":8}}]},"10":{"line":94,"type":"if","locations":[{"start":{"line":94,"column":8},"end":{"line":94,"column":8}},{"start":{"line":94,"column":8},"end":{"line":94,"column":8}}]},"11":{"line":100,"type":"if","locations":[{"start":{"line":100,"column":8},"end":{"line":100,"column":8}},{"start":{"line":100,"column":8},"end":{"line":100,"column":8}}]},"12":{"line":108,"type":"if","locations":[{"start":{"line":108,"column":8},"end":{"line":108,"column":8}},{"start":{"line":108,"column":8},"end":{"line":108,"column":8}}]},"13":{"line":109,"type":"if","locations":[{"start":{"line":109,"column":8},"end":{"line":109,"column":8}},{"start":{"line":109,"column":8},"end":{"line":109,"column":8}}]},"14":{"line":112,"type":"if","locations":[{"start":{"line":112,"column":8},"end":{"line":112,"column":8}},{"start":{"line":112,"column":8},"end":{"line":112,"column":8}}]},"15":{"line":120,"type":"if","locations":[{"start":{"line":120,"column":8},"end":{"line":120,"column":8}},{"start":{"line":120,"column":8},"end":{"line":120,"column":8}}]},"16":{"line":126,"type":"if","locations":[{"start":{"line":126,"column":48},"end":{"line":126,"column":63}},{"start":{"line":126,"column":67},"end":{"line":126,"column":67}}]},"17":{"line":128,"type":"if","locations":[{"start":{"line":128,"column":47},"end":{"line":128,"column":65}},{"start":{"line":128,"column":69},"end":{"line":128,"column":69}}]},"18":{"line":130,"type":"if","locations":[{"start":{"line":130,"column":37},"end":{"line":130,"column":46}},{"start":{"line":130,"column":50},"end":{"line":130,"column":55}}]},"19":{"line":136,"type":"if","locations":[{"start":{"line":136,"column":53},"end":{"line":136,"column":53}},{"start":{"line":136,"column":53},"end":{"line":136,"column":53}}]},"20":{"line":137,"type":"if","locations":[{"start":{"line":137,"column":8},"end":{"line":137,"column":8}},{"start":{"line":137,"column":8},"end":{"line":137,"column":8}}]},"21":{"line":142,"type":"if","locations":[{"start":{"line":142,"column":8},"end":{"line":142,"column":8}},{"start":{"line":142,"column":8},"end":{"line":142,"column":8}}]},"22":{"line":145,"type":"if","locations":[{"start":{"line":145,"column":8},"end":{"line":145,"column":8}},{"start":{"line":145,"column":8},"end":{"line":145,"column":8}}]},"23":{"line":147,"type":"if","locations":[{"start":{"line":147,"column":12},"end":{"line":147,"column":12}},{"start":{"line":147,"column":12},"end":{"line":147,"column":12}}]},"24":{"line":147,"type":"cond-expr","locations":[{"start":{"line":147,"column":16},"end":{"line":147,"column":31}},{"start":{"line":147,"column":36},"end":{"line":147,"column":94}}]},"25":{"line":153,"type":"if","locations":[{"start":{"line":153,"column":8},"end":{"line":153,"column":8}},{"start":{"line":153,"column":8},"end":{"line":153,"column":8}}]},"26":{"line":160,"type":"if","locations":[{"start":{"line":160,"column":28},"end":{"line":160,"column":28}},{"start":{"line":160,"column":28},"end":{"line":160,"column":28}}]},"27":{"line":165,"type":"if","locations":[{"start":{"line":165,"column":30},"end":{"line":165,"column":30}},{"start":{"line":165,"column":30},"end":{"line":165,"column":30}}]},"28":{"line":171,"type":"if","locations":[{"start":{"line":171,"column":67},"end":{"line":171,"column":67}},{"start":{"line":171,"column":67},"end":{"line":171,"column":67}}]}}},
"contracts/governance.sol":{"l":{"141":55,"142":54,"143":52,"144":51,"146":49,"148":49,"149":49,"150":49,"151":49,"152":49,"159":51,"160":49,"162":48,"163":48,"165":48,"170":46,"171":45,"173":44,"174":44,"180":160,"181":159,"183":158,"184":158,"185":158,"186":158,"188":158,"194":13,"196":11,"197":11,"198":11,"200":11,"205":3,"221":59,"224":58,"225":2,"227":56,"228":55,"229":53,"230":51,"233":51,"234":2,"237":2,"238":2,"242":49,"243":39,"244":39,"245":2,"248":47,"249":47,"263":47,"265":47,"274":118,"275":118,"277":117,"278":117,"279":117,"280":115,"283":111,"284":111,"286":108,"287":108,"288":108,"290":108,"291":98,"293":10,"296":108,"308":48,"309":2,"311":46,"312":46,"313":42,"316":41,"319":37,"321":31,"322":31,"323":31,"324":31,"327":31,"328":26,"329":25,"330":25,"333":1,"337":31,"338":31,"340":31,"341":31,"347":12,"348":12,"350":10,"352":3,"353":2,"354":2,"357":8,"358":8,"360":8,"366":20,"367":20,"368":19,"369":18,"370":17,"373":14,"374":14,"376":14,"377":14,"379":13,"391":4,"392":4,"393":3,"394":3,"395":2,"396":1,"402":6,"403":4,"404":2,"405":2,"411":4,"412":2,"413":1,"414":1,"421":4,"422":2,"423":1,"424":1,"425":1,"426":1,"432":3,"433":2,"434":2,"440":4,"441":4,"442":4,"447":6,"452":1,"457":2,"462":14,"467":2,"474":7,"475":7,"476":6,"477":5,"480":4,"483":3,"484":3,"492":5,"493":4,"495":3,"496":3,"497":3,"498":2,"499":1,"501":1,"512":2,"513":1,"515":1,"516":1,"531":1,"532":1,"548":4,"549":3,"550":2,"555":15,"556":5,"563":46,"568":46,"569":46,"570":46,"575":46,"578":46,"579":46,"585":41,"586":41,"587":39},"path":"/home/shailesh/Desktop/Vittagems/Hardhat-Contract/contracts/governance.sol","s":{"1":55,"2":54,"3":52,"4":51,"5":49,"6":51,"7":49,"8":48,"9":46,"10":45,"11":44,"12":160,"13":159,"14":158,"15":158,"16":158,"17":13,"18":11,"19":11,"20":3,"21":59,"22":58,"23":56,"24":55,"25":53,"26":51,"27":51,"28":2,"29":2,"30":49,"31":39,"32":39,"33":47,"34":118,"35":118,"36":117,"37":117,"38":117,"39":115,"40":111,"41":111,"42":108,"43":108,"44":108,"45":48,"46":46,"47":46,"48":42,"49":41,"50":37,"51":31,"52":31,"53":26,"54":25,"55":31,"56":31,"57":12,"58":12,"59":10,"60":3,"61":2,"62":2,"63":8,"64":20,"65":20,"66":19,"67":18,"68":17,"69":14,"70":14,"71":14,"72":13,"73":4,"74":4,"75":1,"76":3,"77":0,"78":3,"79":1,"80":2,"81":1,"82":1,"83":6,"84":4,"85":2,"86":4,"87":2,"88":1,"89":4,"90":2,"91":1,"92":1,"93":3,"94":2,"95":4,"96":4,"97":6,"98":1,"99":2,"100":14,"101":2,"102":7,"103":7,"104":1,"105":6,"106":1,"107":5,"108":1,"109":4,"110":1,"111":3,"112":3,"113":5,"114":1,"115":4,"116":1,"117":3,"118":3,"119":0,"120":3,"121":1,"122":2,"123":1,"124":1,"125":0,"126":1,"127":2,"128":1,"129":1,"130":1,"131":1,"132":1,"133":4,"134":3,"135":2,"136":15,"137":46,"138":46,"139":46,"140":46,"141":46,"142":41,"143":41,"144":39},"b":{"1":[1,54],"2":[2,52],"3":[1,1],"4":[1,51],"5":[1,0],"6":[2,49],"7":[1,1],"8":[51,2],"9":[2,49],"10":[1,48],"11":[46,1],"12":[1,45],"13":[1,44],"14":[160,2],"15":[1,159],"16":[1,158],"17":[13,2],"18":[2,11],"19":[60,2],"20":[59,1],"21":[1,58],"22":[2,56],"23":[1,55],"24":[2,53],"25":[1,1],"26":[2,51],"27":[0,51],"28":[2,49],"29":[2,0],"30":[2,0],"31":[39,10],"32":[2,37],"33":[0,2],"34":[119,4],"35":[118,1],"36":[1,117],"37":[0,117],"38":[2,115],"39":[0,2],"40":[4,111],"41":[3,108],"42":[98,10],"43":[49,0],"44":[48,1],"45":[2,46],"46":[4,42],"47":[1,41],"48":[6,31],"49":[26,5],"50":[2,10],"51":[3,7],"52":[1,2],"53":[1,1],"54":[0,1],"55":[20,0],"56":[1,19],"57":[1,18],"58":[1,17],"59":[3,14],"60":[0,14],"61":[13,1],"62":[1,3],"63":[0,3],"64":[1,2],"65":[1,1],"66":[6,2],"67":[2,4],"68":[1,1],"69":[4,0],"70":[2,2],"71":[1,1],"72":[4,0],"73":[2,2],"74":[1,1],"75":[3,0],"76":[4,0],"77":[6,2],"78":[1,1],"79":[1,6],"80":[1,5],"81":[1,4],"82":[1,3],"83":[2,1],"84":[1,4],"85":[1,3],"86":[0,3],"87":[1,2],"88":[0,1],"89":[1,1],"90":[0,1],"91":[1,1],"92":[1,0],"93":[1,0],"94":[1,0],"95":[4,2],"96":[4,0],"97":[1,3],"98":[1,2],"99":[2,0],"100":[5,10],"101":[0,46],"102":[46,0],"103":[0,46],"104":[2,39],"105":[2,37]},"f":{"1":55,"2":51,"3":46,"4":160,"5":13,"6":3,"7":59,"8":118,"9":48,"10":12,"11":20,"12":4,"13":6,"14":4,"15":4,"16":3,"17":4,"18":6,"19":1,"20":2,"21":14,"22":2,"23":7,"24":5,"25":2,"26":1,"27":4,"28":15,"29":46,"30":41},"fnMap":{"1":{"name":"constructor","line":133,"loc":{"start":{"line":133,"column":4},"end":{"line":153,"column":4}}},"2":{"name":"setVGMGToken","line":158,"loc":{"start":{"line":158,"column":4},"end":{"line":166,"column":4}}},"3":{"name":"lockVGMGToken","line":169,"loc":{"start":{"line":169,"column":4},"end":{"line":175,"column":4}}},"4":{"name":"addMember","line":179,"loc":{"start":{"line":179,"column":4},"end":{"line":189,"column":4}}},"5":{"name":"removeMember","line":193,"loc":{"start":{"line":193,"column":4},"end":{"line":201,"column":4}}},"6":{"name":"getMemberList","line":204,"loc":{"start":{"line":204,"column":4},"end":{"line":206,"column":4}}},"7":{"name":"createProposal","line":220,"loc":{"start":{"line":214,"column":4},"end":{"line":269,"column":4}}},"8":{"name":"vote","line":273,"loc":{"start":{"line":273,"column":4},"end":{"line":297,"column":4}}},"9":{"name":"executeReserveUpdate","line":306,"loc":{"start":{"line":303,"column":4},"end":{"line":342,"column":4}}},"10":{"name":"cancelProposal","line":346,"loc":{"start":{"line":346,"column":4},"end":{"line":361,"column":4}}},"11":{"name":"claimReward","line":365,"loc":{"start":{"line":365,"column":4},"end":{"line":380,"column":4}}},"12":{"name":"getClaimableReward","line":387,"loc":{"start":{"line":387,"column":4},"end":{"line":397,"column":4}}},"13":{"name":"setQuorumPercentage","line":401,"loc":{"start":{"line":401,"column":4},"end":{"line":406,"column":4}}},"14":{"name":"setApprovalThreshold","line":410,"loc":{"start":{"line":410,"column":4},"end":{"line":415,"column":4}}},"15":{"name":"setVotingDurationLimits","line":420,"loc":{"start":{"line":420,"column":4},"end":{"line":427,"column":4}}},"16":{"name":"setMemberCooldownPeriod","line":431,"loc":{"start":{"line":431,"column":4},"end":{"line":435,"column":4}}},"17":{"name":"setMaxReserveChangePercent","line":439,"loc":{"start":{"line":439,"column":4},"end":{"line":443,"column":4}}},"18":{"name":"pause","line":446,"loc":{"start":{"line":446,"column":4},"end":{"line":448,"column":4}}},"19":{"name":"unpause","line":451,"loc":{"start":{"line":451,"column":4},"end":{"line":453,"column":4}}},"20":{"name":"getCurrentReserve","line":456,"loc":{"start":{"line":456,"column":4},"end":{"line":458,"column":4}}},"21":{"name":"getProposal","line":461,"loc":{"start":{"line":461,"column":4},"end":{"line":463,"column":4}}},"22":{"name":"getProposalVoters","line":466,"loc":{"start":{"line":466,"column":4},"end":{"line":468,"column":4}}},"23":{"name":"getProposalState","line":473,"loc":{"start":{"line":473,"column":4},"end":{"line":485,"column":4}}},"24":{"name":"canVote","line":491,"loc":{"start":{"line":491,"column":4},"end":{"line":502,"column":4}}},"25":{"name":"getActiveProposalSummary","line":505,"loc":{"start":{"line":505,"column":4},"end":{"line":521,"column":4}}},"26":{"name":"getEcosystemStats","line":524,"loc":{"start":{"line":524,"column":4},"end":{"line":542,"column":4}}},"27":{"name":"withdrawVGMG","line":547,"loc":{"start":{"line":547,"column":4},"end":{"line":551,"column":4}}},"28":{"name":"_requireNoActiveProposal","line":554,"loc":{"start":{"line":554,"column":4},"end":{"line":557,"column":4}}},"29":{"name":"_checkVotingResult","line":562,"loc":{"start":{"line":562,"column":4},"end":{"line":580,"column":0}}},"30":{"name":"_verifyVotingResult","line":584,"loc":{"start":{"line":584,"column":4},"end":{"line":588,"column":4}}}},"statementMap":{"1":{"start":{"line":141,"column":8},"end":{"line":141,"column":54}},"2":{"start":{"line":142,"column":8},"end":{"line":142,"column":93}},"3":{"start":{"line":143,"column":8},"end":{"line":143,"column":95}},"4":{"start":{"line":144,"column":8},"end":{"line":144,"column":101}},"5":{"start":{"line":146,"column":8},"end":{"line":146,"column":44}},"6":{"start":{"line":159,"column":8},"end":{"line":159,"column":56}},"7":{"start":{"line":160,"column":8},"end":{"line":160,"column":55}},"8":{"start":{"line":165,"column":8},"end":{"line":165,"column":33}},"9":{"start":{"line":170,"column":8},"end":{"line":170,"column":64}},"10":{"start":{"line":171,"column":8},"end":{"line":171,"column":56}},"11":{"start":{"line":174,"column":8},"end":{"line":174,"column":46}},"12":{"start":{"line":180,"column":8},"end":{"line":180,"column":56}},"13":{"start":{"line":181,"column":8},"end":{"line":181,"column":60}},"14":{"start":{"line":183,"column":8},"end":{"line":183,"column":43}},"15":{"start":{"line":185,"column":8},"end":{"line":185,"column":31}},"16":{"start":{"line":188,"column":8},"end":{"line":188,"column":50}},"17":{"start":{"line":194,"column":8},"end":{"line":194,"column":63}},"18":{"start":{"line":196,"column":8},"end":{"line":196,"column":44}},"19":{"start":{"line":200,"column":8},"end":{"line":200,"column":52}},"20":{"start":{"line":205,"column":8},"end":{"line":205,"column":25}},"21":{"start":{"line":221,"column":8},"end":{"line":221,"column":64}},"22":{"start":{"line":224,"column":8},"end":{"line":224,"column":9415}},"23":{"start":{"line":227,"column":8},"end":{"line":227,"column":63}},"24":{"start":{"line":228,"column":8},"end":{"line":228,"column":98}},"25":{"start":{"line":229,"column":8},"end":{"line":229,"column":62}},"26":{"start":{"line":230,"column":8},"end":{"line":230,"column":57}},"27":{"start":{"line":233,"column":8},"end":{"line":233,"column":9878}},"28":{"start":{"line":234,"column":12},"end":{"line":234,"column":9989}},"29":{"start":{"line":237,"column":12},"end":{"line":237,"column":10154}},"30":{"start":{"line":242,"column":8},"end":{"line":242,"column":10347}},"31":{"start":{"line":243,"column":12},"end":{"line":243,"column":52}},"32":{"start":{"line":244,"column":12},"end":{"line":244,"column":10473}},"33":{"start":{"line":265,"column":8},"end":{"line":265,"column":11173}},"34":{"start":{"line":274,"column":8},"end":{"line":274,"column":38}},"35":{"start":{"line":275,"column":8},"end":{"line":275,"column":47}},"36":{"start":{"line":277,"column":8},"end":{"line":277,"column":43}},"37":{"start":{"line":278,"column":8},"end":{"line":278,"column":66}},"38":{"start":{"line":279,"column":8},"end":{"line":279,"column":98}},"39":{"start":{"line":280,"column":8},"end":{"line":280,"column":60}},"40":{"start":{"line":283,"column":8},"end":{"line":283,"column":80}},"41":{"start":{"line":284,"column":8},"end":{"line":284,"column":63}},"42":{"start":{"line":288,"column":8},"end":{"line":288,"column":43}},"43":{"start":{"line":290,"column":8},"end":{"line":290,"column":12319}},"44":{"start":{"line":296,"column":8},"end":{"line":296,"column":70}},"45":{"start":{"line":308,"column":8},"end":{"line":308,"column":13044}},"46":{"start":{"line":311,"column":8},"end":{"line":311,"column":50}},"47":{"start":{"line":312,"column":8},"end":{"line":312,"column":66}},"48":{"start":{"line":313,"column":8},"end":{"line":313,"column":65}},"49":{"start":{"line":316,"column":8},"end":{"line":316,"column":29}},"50":{"start":{"line":319,"column":8},"end":{"line":319,"column":89}},"51":{"start":{"line":321,"column":8},"end":{"line":321,"column":43}},"52":{"start":{"line":327,"column":8},"end":{"line":327,"column":13854}},"53":{"start":{"line":328,"column":12},"end":{"line":328,"column":13935}},"54":{"start":{"line":330,"column":16},"end":{"line":330,"column":95}},"55":{"start":{"line":340,"column":8},"end":{"line":340,"column":95}},"56":{"start":{"line":341,"column":8},"end":{"line":341,"column":92}},"57":{"start":{"line":347,"column":8},"end":{"line":347,"column":50}},"58":{"start":{"line":348,"column":8},"end":{"line":348,"column":66}},"59":{"start":{"line":350,"column":8},"end":{"line":350,"column":14949}},"60":{"start":{"line":352,"column":12},"end":{"line":352,"column":69}},"61":{"start":{"line":353,"column":12},"end":{"line":353,"column":70}},"62":{"start":{"line":354,"column":12},"end":{"line":354,"column":56}},"63":{"start":{"line":360,"column":8},"end":{"line":360,"column":54}},"64":{"start":{"line":366,"column":8},"end":{"line":366,"column":50}},"65":{"start":{"line":367,"column":8},"end":{"line":367,"column":68}},"66":{"start":{"line":368,"column":8},"end":{"line":368,"column":48}},"67":{"start":{"line":369,"column":8},"end":{"line":369,"column":66}},"68":{"start":{"line":370,"column":8},"end":{"line":370,"column":74}},"69":{"start":{"line":373,"column":8},"end":{"line":373,"column":73}},"70":{"start":{"line":374,"column":8},"end":{"line":374,"column":42}},"71":{"start":{"line":377,"column":8},"end":{"line":377,"column":64}},"72":{"start":{"line":379,"column":8},"end":{"line":379,"column":58}},"73":{"start":{"line":391,"column":8},"end":{"line":391,"column":50}},"74":{"start":{"line":392,"column":8},"end":{"line":392,"column":73}},"75":{"start":{"line":392,"column":47},"end":{"line":392,"column":73}},"76":{"start":{"line":393,"column":8},"end":{"line":393,"column":54}},"77":{"start":{"line":393,"column":31},"end":{"line":393,"column":54}},"78":{"start":{"line":394,"column":8},"end":{"line":394,"column":70}},"79":{"start":{"line":394,"column":44},"end":{"line":394,"column":70}},"80":{"start":{"line":395,"column":8},"end":{"line":395,"column":69}},"81":{"start":{"line":395,"column":48},"end":{"line":395,"column":69}},"82":{"start":{"line":396,"column":8},"end":{"line":396,"column":78}},"83":{"start":{"line":402,"column":8},"end":{"line":402,"column":65}},"84":{"start":{"line":403,"column":8},"end":{"line":403,"column":33}},"85":{"start":{"line":404,"column":8},"end":{"line":404,"column":58}},"86":{"start":{"line":411,"column":8},"end":{"line":411,"column":65}},"87":{"start":{"line":412,"column":8},"end":{"line":412,"column":33}},"88":{"start":{"line":413,"column":8},"end":{"line":413,"column":61}},"89":{"start":{"line":421,"column":8},"end":{"line":421,"column":59}},"90":{"start":{"line":422,"column":8},"end":{"line":422,"column":33}},"91":{"start":{"line":423,"column":8},"end":{"line":423,"column":65}},"92":{"start":{"line":424,"column":8},"end":{"line":424,"column":65}},"93":{"start":{"line":432,"column":8},"end":{"line":432,"column":33}},"94":{"start":{"line":433,"column":8},"end":{"line":433,"column":64}},"95":{"start":{"line":440,"column":8},"end":{"line":440,"column":33}},"96":{"start":{"line":441,"column":8},"end":{"line":441,"column":68}},"97":{"start":{"line":447,"column":8},"end":{"line":447,"column":15}},"98":{"start":{"line":452,"column":8},"end":{"line":452,"column":17}},"99":{"start":{"line":457,"column":8},"end":{"line":457,"column":29}},"100":{"start":{"line":462,"column":8},"end":{"line":462,"column":28}},"101":{"start":{"line":467,"column":8},"end":{"line":467,"column":33}},"102":{"start":{"line":474,"column":8},"end":{"line":474,"column":50}},"103":{"start":{"line":475,"column":8},"end":{"line":475,"column":48}},"104":{"start":{"line":475,"column":23},"end":{"line":475,"column":48}},"105":{"start":{"line":476,"column":8},"end":{"line":476,"column":76}},"106":{"start":{"line":476,"column":47},"end":{"line":476,"column":76}},"107":{"start":{"line":477,"column":8},"end":{"line":477,"column":78}},"108":{"start":{"line":477,"column":48},"end":{"line":477,"column":78}},"109":{"start":{"line":480,"column":8},"end":{"line":480,"column":69}},"110":{"start":{"line":480,"column":42},"end":{"line":480,"column":69}},"111":{"start":{"line":483,"column":8},"end":{"line":483,"column":66}},"112":{"start":{"line":484,"column":8},"end":{"line":484,"column":92}},"113":{"start":{"line":492,"column":8},"end":{"line":492,"column":68}},"114":{"start":{"line":492,"column":40},"end":{"line":492,"column":68}},"115":{"start":{"line":493,"column":8},"end":{"line":493,"column":64}},"116":{"start":{"line":493,"column":35},"end":{"line":493,"column":64}},"117":{"start":{"line":495,"column":8},"end":{"line":495,"column":56}},"118":{"start":{"line":496,"column":8},"end":{"line":496,"column":73}},"119":{"start":{"line":496,"column":45},"end":{"line":496,"column":73}},"120":{"start":{"line":497,"column":8},"end":{"line":497,"column":106}},"121":{"start":{"line":497,"column":74},"end":{"line":497,"column":106}},"122":{"start":{"line":498,"column":8},"end":{"line":498,"column":80}},"123":{"start":{"line":498,"column":49},"end":{"line":498,"column":80}},"124":{"start":{"line":499,"column":8},"end":{"line":499,"column":102}},"125":{"start":{"line":499,"column":76},"end":{"line":499,"column":102}},"126":{"start":{"line":501,"column":8},"end":{"line":501,"column":33}},"127":{"start":{"line":512,"column":8},"end":{"line":512,"column":22683}},"128":{"start":{"line":513,"column":12},"end":{"line":513,"column":67}},"129":{"start":{"line":515,"column":8},"end":{"line":515,"column":56}},"130":{"start":{"line":516,"column":8},"end":{"line":516,"column":22788}},"131":{"start":{"line":531,"column":8},"end":{"line":531,"column":85}},"132":{"start":{"line":532,"column":8},"end":{"line":532,"column":23437}},"133":{"start":{"line":548,"column":8},"end":{"line":548,"column":64}},"134":{"start":{"line":549,"column":8},"end":{"line":549,"column":51}},"135":{"start":{"line":550,"column":8},"end":{"line":550,"column":56}},"136":{"start":{"line":555,"column":8},"end":{"line":555,"column":24453}},"137":{"start":{"line":563,"column":4},"end":{"line":563,"column":47}},"138":{"start":{"line":568,"column":4},"end":{"line":568,"column":105}},"139":{"start":{"line":569,"column":4},"end":{"line":569,"column":47}},"140":{"start":{"line":575,"column":4},"end":{"line":575,"column":25519}},"141":{"start":{"line":578,"column":4},"end":{"line":578,"column":41}},"142":{"start":{"line":585,"column":8},"end":{"line":585,"column":66}},"143":{"start":{"line":586,"column":8},"end":{"line":586,"column":49}},"144":{"start":{"line":587,"column":8},"end":{"line":587,"column":53}}},"branchMap":{"1":{"line":141,"type":"if","locations":[{"start":{"line":141,"column":8},"end":{"line":141,"column":8}},{"start":{"line":141,"column":8},"end":{"line":141,"column":8}}]},"2":{"line":142,"type":"if","locations":[{"start":{"line":142,"column":8},"end":{"line":142,"column":8}},{"start":{"line":142,"column":8},"end":{"line":142,"column":8}}]},"3":{"line":142,"type":"cond-expr","locations":[{"start":{"line":142,"column":12},"end":{"line":142,"column":33}},{"start":{"line":142,"column":38},"end":{"line":142,"column":69}}]},"4":{"line":143,"type":"if","locations":[{"start":{"line":143,"column":8},"end":{"line":143,"column":8}},{"start":{"line":143,"column":8},"end":{"line":143,"column":8}}]},"5":{"line":143,"type":"cond-expr","locations":[{"start":{"line":143,"column":12},"end":{"line":143,"column":34}},{"start":{"line":143,"column":39},"end":{"line":143,"column":71}}]},"6":{"line":144,"type":"if","locations":[{"start":{"line":144,"column":8},"end":{"line":144,"column":8}},{"start":{"line":144,"column":8},"end":{"line":144,"column":8}}]},"7":{"line":144,"type":"cond-expr","locations":[{"start":{"line":144,"column":12},"end":{"line":144,"column":34}},{"start":{"line":144,"column":39},"end":{"line":144,"column":77}}]},"8":{"line":158,"type":"if","locations":[{"start":{"line":158,"column":51},"end":{"line":158,"column":51}},{"start":{"line":158,"column":51},"end":{"line":158,"column":51}}]},"9":{"line":159,"type":"if","locations":[{"start":{"line":159,"column":8},"end":{"line":159,"column":8}},{"start":{"line":159,"column":8},"end":{"line":159,"column":8}}]},"10":{"line":160,"type":"if","locations":[{"start":{"line":160,"column":8},"end":{"line":160,"column":8}},{"start":{"line":160,"column":8},"end":{"line":160,"column":8}}]},"11":{"line":169,"type":"if","locations":[{"start":{"line":169,"column":38},"end":{"line":169,"column":38}},{"start":{"line":169,"column":38},"end":{"line":169,"column":38}}]},"12":{"line":170,"type":"if","locations":[{"start":{"line":170,"column":8},"end":{"line":170,"column":8}},{"start":{"line":170,"column":8},"end":{"line":170,"column":8}}]},"13":{"line":171,"type":"if","locations":[{"start":{"line":171,"column":8},"end":{"line":171,"column":8}},{"start":{"line":171,"column":8},"end":{"line":171,"column":8}}]},"14":{"line":179,"type":"if","locations":[{"start":{"line":179,"column":49},"end":{"line":179,"column":49}},{"start":{"line":179,"column":49},"end":{"line":179,"column":49}}]},"15":{"line":180,"type":"if","locations":[{"start":{"line":180,"column":8},"end":{"line":180,"column":8}},{"start":{"line":180,"column":8},"end":{"line":180,"column":8}}]},"16":{"line":181,"type":"if","locations":[{"start":{"line":181,"column":8},"end":{"line":181,"column":8}},{"start":{"line":181,"column":8},"end":{"line":181,"column":8}}]},"17":{"line":193,"type":"if","locations":[{"start":{"line":193,"column":52},"end":{"line":193,"column":52}},{"start":{"line":193,"column":52},"end":{"line":193,"column":52}}]},"18":{"line":194,"type":"if","locations":[{"start":{"line":194,"column":8},"end":{"line":194,"column":8}},{"start":{"line":194,"column":8},"end":{"line":194,"column":8}}]},"19":{"line":220,"type":"if","locations":[{"start":{"line":220,"column":15},"end":{"line":220,"column":15}},{"start":{"line":220,"column":15},"end":{"line":220,"column":15}}]},"20":{"line":220,"type":"if","locations":[{"start":{"line":220,"column":44},"end":{"line":220,"column":44}},{"start":{"line":220,"column":44},"end":{"line":220,"column":44}}]},"21":{"line":221,"type":"if","locations":[{"start":{"line":221,"column":8},"end":{"line":221,"column":8}},{"start":{"line":221,"column":8},"end":{"line":221,"column":8}}]},"22":{"line":224,"type":"if","locations":[{"start":{"line":224,"column":8},"end":{"line":224,"column":8}},{"start":{"line":224,"column":8},"end":{"line":224,"column":8}}]},"23":{"line":227,"type":"if","locations":[{"start":{"line":227,"column":8},"end":{"line":227,"column":8}},{"start":{"line":227,"column":8},"end":{"line":227,"column":8}}]},"24":{"line":228,"type":"if","locations":[{"start":{"line":228,"column":8},"end":{"line":228,"column":8}},{"start":{"line":228,"column":8},"end":{"line":228,"column":8}}]},"25":{"line":228,"type":"cond-expr","locations":[{"start":{"line":228,"column":12},"end":{"line":228,"column":39}},{"start":{"line":228,"column":44},"end":{"line":228,"column":71}}]},"26":{"line":229,"type":"if","locations":[{"start":{"line":229,"column":8},"end":{"line":229,"column":8}},{"start":{"line":229,"column":8},"end":{"line":229,"column":8}}]},"27":{"line":230,"type":"if","locations":[{"start":{"line":230,"column":8},"end":{"line":230,"column":8}},{"start":{"line":230,"column":8},"end":{"line":230,"column":8}}]},"28":{"line":233,"type":"if","locations":[{"start":{"line":233,"column":8},"end":{"line":233,"column":8}},{"start":{"line":233,"column":8},"end":{"line":233,"column":8}}]},"29":{"line":235,"type":"if","locations":[{"start":{"line":235,"column":18},"end":{"line":235,"column":49}},{"start":{"line":236,"column":18},"end":{"line":236,"column":49}}]},"30":{"line":237,"type":"if","locations":[{"start":{"line":237,"column":12},"end":{"line":237,"column":12}},{"start":{"line":237,"column":12},"end":{"line":237,"column":12}}]},"31":{"line":242,"type":"if","locations":[{"start":{"line":242,"column":8},"end":{"line":242,"column":8}},{"start":{"line":242,"column":8},"end":{"line":242,"column":8}}]},"32":{"line":244,"type":"if","locations":[{"start":{"line":244,"column":12},"end":{"line":244,"column":12}},{"start":{"line":244,"column":12},"end":{"line":244,"column":12}}]},"33":{"line":244,"type":"cond-expr","locations":[{"start":{"line":244,"column":16},"end":{"line":244,"column":40}},{"start":{"line":244,"column":45},"end":{"line":244,"column":81}}]},"34":{"line":273,"type":"if","locations":[{"start":{"line":273,"column":41},"end":{"line":273,"column":41}},{"start":{"line":273,"column":41},"end":{"line":273,"column":41}}]},"35":{"line":273,"type":"if","locations":[{"start":{"line":273,"column":67},"end":{"line":273,"column":67}},{"start":{"line":273,"column":67},"end":{"line":273,"column":67}}]},"36":{"line":275,"type":"if","locations":[{"start":{"line":275,"column":8},"end":{"line":275,"column":8}},{"start":{"line":275,"column":8},"end":{"line":275,"column":8}}]},"37":{"line":278,"type":"if","locations":[{"start":{"line":278,"column":8},"end":{"line":278,"column":8}},{"start":{"line":278,"column":8},"end":{"line":278,"column":8}}]},"38":{"line":279,"type":"if","locations":[{"start":{"line":279,"column":8},"end":{"line":279,"column":8}},{"start":{"line":279,"column":8},"end":{"line":279,"column":8}}]},"39":{"line":279,"type":"cond-expr","locations":[{"start":{"line":279,"column":12},"end":{"line":279,"column":40}},{"start":{"line":279,"column":45},"end":{"line":279,"column":71}}]},"40":{"line":280,"type":"if","locations":[{"start":{"line":280,"column":8},"end":{"line":280,"column":8}},{"start":{"line":280,"column":8},"end":{"line":280,"column":8}}]},"41":{"line":284,"type":"if","locations":[{"start":{"line":284,"column":8},"end":{"line":284,"column":8}},{"start":{"line":284,"column":8},"end":{"line":284,"column":8}}]},"42":{"line":290,"type":"if","locations":[{"start":{"line":290,"column":8},"end":{"line":290,"column":8}},{"start":{"line":290,"column":8},"end":{"line":290,"column":8}}]},"43":{"line":306,"type":"if","locations":[{"start":{"line":306,"column":15},"end":{"line":306,"column":15}},{"start":{"line":306,"column":15},"end":{"line":306,"column":15}}]},"44":{"line":306,"type":"if","locations":[{"start":{"line":306,"column":28},"end":{"line":306,"column":28}},{"start":{"line":306,"column":28},"end":{"line":306,"column":28}}]},"45":{"line":308,"type":"if","locations":[{"start":{"line":308,"column":8},"end":{"line":308,"column":8}},{"start":{"line":308,"column":8},"end":{"line":308,"column":8}}]},"46":{"line":312,"type":"if","locations":[{"start":{"line":312,"column":8},"end":{"line":312,"column":8}},{"start":{"line":312,"column":8},"end":{"line":312,"column":8}}]},"47":{"line":313,"type":"if","locations":[{"start":{"line":313,"column":8},"end":{"line":313,"column":8}},{"start":{"line":313,"column":8},"end":{"line":313,"column":8}}]},"48":{"line":319,"type":"if","locations":[{"start":{"line":319,"column":8},"end":{"line":319,"column":8}},{"start":{"line":319,"column":8},"end":{"line":319,"column":8}}]},"49":{"line":327,"type":"if","locations":[{"start":{"line":327,"column":8},"end":{"line":327,"column":8}},{"start":{"line":327,"column":8},"end":{"line":327,"column":8}}]},"50":{"line":348,"type":"if","locations":[{"start":{"line":348,"column":8},"end":{"line":348,"column":8}},{"start":{"line":348,"column":8},"end":{"line":348,"column":8}}]},"51":{"line":350,"type":"if","locations":[{"start":{"line":350,"column":8},"end":{"line":350,"column":8}},{"start":{"line":350,"column":8},"end":{"line":350,"column":8}}]},"52":{"line":352,"type":"if","locations":[{"start":{"line":352,"column":12},"end":{"line":352,"column":12}},{"start":{"line":352,"column":12},"end":{"line":352,"column":12}}]},"53":{"line":354,"type":"if","locations":[{"start":{"line":354,"column":12},"end":{"line":354,"column":12}},{"start":{"line":354,"column":12},"end":{"line":354,"column":12}}]},"54":{"line":354,"type":"cond-expr","locations":[{"start":{"line":354,"column":20},"end":{"line":354,"column":29}},{"start":{"line":354,"column":34},"end":{"line":354,"column":45}}]},"55":{"line":365,"type":"if","locations":[{"start":{"line":365,"column":54},"end":{"line":365,"column":54}},{"start":{"line":365,"column":54},"end":{"line":365,"column":54}}]},"56":{"line":367,"type":"if","locations":[{"start":{"line":367,"column":8},"end":{"line":367,"column":8}},{"start":{"line":367,"column":8},"end":{"line":367,"column":8}}]},"57":{"line":368,"type":"if","locations":[{"start":{"line":368,"column":8},"end":{"line":368,"column":8}},{"start":{"line":368,"column":8},"end":{"line":368,"column":8}}]},"58":{"line":369,"type":"if","locations":[{"start":{"line":369,"column":8},"end":{"line":369,"column":8}},{"start":{"line":369,"column":8},"end":{"line":369,"column":8}}]},"59":{"line":370,"type":"if","locations":[{"start":{"line":370,"column":8},"end":{"line":370,"column":8}},{"start":{"line":370,"column":8},"end":{"line":370,"column":8}}]},"60":{"line":374,"type":"if","locations":[{"start":{"line":374,"column":8},"end":{"line":374,"column":8}},{"start":{"line":374,"column":8},"end":{"line":374,"column":8}}]},"61":{"line":377,"type":"if","locations":[{"start":{"line":377,"column":8},"end":{"line":377,"column":8}},{"start":{"line":377,"column":8},"end":{"line":377,"column":8}}]},"62":{"line":392,"type":"if","locations":[{"start":{"line":392,"column":8},"end":{"line":392,"column":8}},{"start":{"line":392,"column":8},"end":{"line":392,"column":8}}]},"63":{"line":393,"type":"if","locations":[{"start":{"line":393,"column":8},"end":{"line":393,"column":8}},{"start":{"line":393,"column":8},"end":{"line":393,"column":8}}]},"64":{"line":394,"type":"if","locations":[{"start":{"line":394,"column":8},"end":{"line":394,"column":8}},{"start":{"line":394,"column":8},"end":{"line":394,"column":8}}]},"65":{"line":395,"type":"if","locations":[{"start":{"line":395,"column":8},"end":{"line":395,"column":8}},{"start":{"line":395,"column":8},"end":{"line":395,"column":8}}]},"66":{"line":401,"type":"if","locations":[{"start":{"line":401,"column":55},"end":{"line":401,"column":55}},{"start":{"line":401,"column":55},"end":{"line":401,"column":55}}]},"67":{"line":402,"type":"if","locations":[{"start":{"line":402,"column":8},"end":{"line":402,"column":8}},{"start":{"line":402,"column":8},"end":{"line":402,"column":8}}]},"68":{"line":402,"type":"cond-expr","locations":[{"start":{"line":402,"column":12},"end":{"line":402,"column":19}},{"start":{"line":402,"column":24},"end":{"line":402,"column":41}}]},"69":{"line":410,"type":"if","locations":[{"start":{"line":410,"column":56},"end":{"line":410,"column":56}},{"start":{"line":410,"column":56},"end":{"line":410,"column":56}}]},"70":{"line":411,"type":"if","locations":[{"start":{"line":411,"column":8},"end":{"line":411,"column":8}},{"start":{"line":411,"column":8},"end":{"line":411,"column":8}}]},"71":{"line":411,"type":"cond-expr","locations":[{"start":{"line":411,"column":12},"end":{"line":411,"column":19}},{"start":{"line":411,"column":24},"end":{"line":411,"column":41}}]},"72":{"line":420,"type":"if","locations":[{"start":{"line":420,"column":74},"end":{"line":420,"column":74}},{"start":{"line":420,"column":74},"end":{"line":420,"column":74}}]},"73":{"line":421,"type":"if","locations":[{"start":{"line":421,"column":8},"end":{"line":421,"column":8}},{"start":{"line":421,"column":8},"end":{"line":421,"column":8}}]},"74":{"line":421,"type":"cond-expr","locations":[{"start":{"line":421,"column":12},"end":{"line":421,"column":20}},{"start":{"line":421,"column":25},"end":{"line":421,"column":35}}]},"75":{"line":431,"type":"if","locations":[{"start":{"line":431,"column":59},"end":{"line":431,"column":59}},{"start":{"line":431,"column":59},"end":{"line":431,"column":59}}]},"76":{"line":439,"type":"if","locations":[{"start":{"line":439,"column":62},"end":{"line":439,"column":62}},{"start":{"line":439,"column":62},"end":{"line":439,"column":62}}]},"77":{"line":446,"type":"if","locations":[{"start":{"line":446,"column":30},"end":{"line":446,"column":30}},{"start":{"line":446,"column":30},"end":{"line":446,"column":30}}]},"78":{"line":451,"type":"if","locations":[{"start":{"line":451,"column":32},"end":{"line":451,"column":32}},{"start":{"line":451,"column":32},"end":{"line":451,"column":32}}]},"79":{"line":475,"type":"if","locations":[{"start":{"line":475,"column":8},"end":{"line":475,"column":8}},{"start":{"line":475,"column":8},"end":{"line":475,"column":8}}]},"80":{"line":476,"type":"if","locations":[{"start":{"line":476,"column":8},"end":{"line":476,"column":8}},{"start":{"line":476,"column":8},"end":{"line":476,"column":8}}]},"81":{"line":477,"type":"if","locations":[{"start":{"line":477,"column":8},"end":{"line":477,"column":8}},{"start":{"line":477,"column":8},"end":{"line":477,"column":8}}]},"82":{"line":480,"type":"if","locations":[{"start":{"line":480,"column":8},"end":{"line":480,"column":8}},{"start":{"line":480,"column":8},"end":{"line":480,"column":8}}]},"83":{"line":484,"type":"if","locations":[{"start":{"line":484,"column":44},"end":{"line":484,"column":66}},{"start":{"line":484,"column":70},"end":{"line":484,"column":91}}]},"84":{"line":492,"type":"if","locations":[{"start":{"line":492,"column":8},"end":{"line":492,"column":8}},{"start":{"line":492,"column":8},"end":{"line":492,"column":8}}]},"85":{"line":493,"type":"if","locations":[{"start":{"line":493,"column":8},"end":{"line":493,"column":8}},{"start":{"line":493,"column":8},"end":{"line":493,"column":8}}]},"86":{"line":496,"type":"if","locations":[{"start":{"line":496,"column":8},"end":{"line":496,"column":8}},{"start":{"line":496,"column":8},"end":{"line":496,"column":8}}]},"87":{"line":497,"type":"if","locations":[{"start":{"line":497,"column":8},"end":{"line":497,"column":8}},{"start":{"line":497,"column":8},"end":{"line":497,"column":8}}]},"88":{"line":497,"type":"cond-expr","locations":[{"start":{"line":497,"column":12},"end":{"line":497,"column":40}},{"start":{"line":497,"column":45},"end":{"line":497,"column":71}}]},"89":{"line":498,"type":"if","locations":[{"start":{"line":498,"column":8},"end":{"line":498,"column":8}},{"start":{"line":498,"column":8},"end":{"line":498,"column":8}}]},"90":{"line":499,"type":"if","locations":[{"start":{"line":499,"column":8},"end":{"line":499,"column":8}},{"start":{"line":499,"column":8},"end":{"line":499,"column":8}}]},"91":{"line":512,"type":"if","locations":[{"start":{"line":512,"column":8},"end":{"line":512,"column":8}},{"start":{"line":512,"column":8},"end":{"line":512,"column":8}}]},"92":{"line":531,"type":"if","locations":[{"start":{"line":531,"column":58},"end":{"line":531,"column":80}},{"start":{"line":531,"column":84},"end":{"line":531,"column":84}}]},"93":{"line":535,"type":"if","locations":[{"start":{"line":535,"column":38},"end":{"line":535,"column":60}},{"start":{"line":535,"column":64},"end":{"line":535,"column":64}}]},"94":{"line":540,"type":"if","locations":[{"start":{"line":540,"column":45},"end":{"line":540,"column":78}},{"start":{"line":540,"column":82},"end":{"line":540,"column":82}}]},"95":{"line":547,"type":"if","locations":[{"start":{"line":547,"column":63},"end":{"line":547,"column":63}},{"start":{"line":547,"column":63},"end":{"line":547,"column":63}}]},"96":{"line":547,"type":"if","locations":[{"start":{"line":547,"column":92},"end":{"line":547,"column":92}},{"start":{"line":547,"column":92},"end":{"line":547,"column":92}}]},"97":{"line":548,"type":"if","locations":[{"start":{"line":548,"column":8},"end":{"line":548,"column":8}},{"start":{"line":548,"column":8},"end":{"line":548,"column":8}}]},"98":{"line":549,"type":"if","locations":[{"start":{"line":549,"column":8},"end":{"line":549,"column":8}},{"start":{"line":549,"column":8},"end":{"line":549,"column":8}}]},"99":{"line":550,"type":"if","locations":[{"start":{"line":550,"column":8},"end":{"line":550,"column":8}},{"start":{"line":550,"column":8},"end":{"line":550,"column":8}}]},"100":{"line":555,"type":"if","locations":[{"start":{"line":555,"column":8},"end":{"line":555,"column":8}},{"start":{"line":555,"column":8},"end":{"line":555,"column":8}}]},"101":{"line":569,"type":"if","locations":[{"start":{"line":569,"column":4},"end":{"line":569,"column":4}},{"start":{"line":569,"column":4},"end":{"line":569,"column":4}}]},"102":{"line":576,"type":"if","locations":[{"start":{"line":576,"column":10},"end":{"line":576,"column":75}},{"start":{"line":577,"column":10},"end":{"line":577,"column":10}}]},"103":{"line":578,"type":"if","locations":[{"start":{"line":578,"column":4},"end":{"line":578,"column":4}},{"start":{"line":578,"column":4},"end":{"line":578,"column":4}}]},"104":{"line":586,"type":"if","locations":[{"start":{"line":586,"column":8},"end":{"line":586,"column":8}},{"start":{"line":586,"column":8},"end":{"line":586,"column":8}}]},"105":{"line":587,"type":"if","locations":[{"start":{"line":587,"column":8},"end":{"line":587,"column":8}},{"start":{"line":587,"column":8},"end":{"line":587,"column":8}}]}}},
"contracts/presale.sol":{"l":{"118":23,"119":21,"120":20,"121":19,"122":18,"124":18,"125":18,"126":18,"127":18,"141":86,"144":86,"147":86,"149":86,"150":9,"152":3,"154":3,"156":9,"166":72,"167":71,"168":71,"177":13,"178":12,"190":28,"191":27,"193":25,"194":25,"196":18,"198":16,"201":14,"202":14,"203":14,"216":45,"217":44,"229":5,"231":4,"232":4,"234":4,"236":4,"239":4,"240":4,"241":4,"254":6,"264":50,"266":4,"268":46,"270":41,"274":41,"275":41,"277":40,"278":40,"279":40,"282":40,"288":37,"298":57,"300":57,"301":57,"303":57,"304":57,"307":51,"309":49,"310":49,"313":49,"324":57,"326":56,"327":51,"329":46,"332":46,"345":5,"347":5,"348":1,"350":1,"352":1,"354":1,"356":1,"359":5,"368":17,"369":17,"376":8,"377":8,"384":5,"392":10,"393":4,"396":6,"397":6,"399":6,"411":11,"413":11,"414":6,"415":6,"417":5,"418":5,"419":5,"421":5,"422":5,"423":5,"425":4,"426":4,"427":4,"435":14,"442":3,"450":5,"451":3,"452":3},"path":"/home/shailesh/Desktop/Vittagems/Hardhat-Contract/contracts/presale.sol","s":{"1":23,"2":21,"3":20,"4":19,"5":18,"6":86,"7":86,"8":86,"9":77,"10":74,"11":71,"12":72,"13":71,"14":71,"15":13,"16":12,"17":28,"18":27,"19":25,"20":25,"21":18,"22":16,"23":14,"24":14,"25":13,"26":45,"27":44,"28":5,"29":4,"30":4,"31":4,"32":4,"33":4,"34":4,"35":4,"36":6,"37":50,"38":46,"39":41,"40":41,"41":41,"42":40,"43":40,"44":37,"45":57,"46":57,"47":57,"48":57,"49":51,"50":49,"51":57,"52":56,"53":51,"54":46,"55":46,"56":5,"57":5,"58":4,"59":3,"60":2,"61":17,"62":8,"63":5,"64":10,"65":6,"66":6,"67":11,"68":11,"69":6,"70":6,"71":5,"72":5,"73":5,"74":5,"75":5,"76":5,"77":4,"78":4,"79":4,"80":14,"81":3,"82":5,"83":3},"b":{"1":[2,21],"2":[1,20],"3":[1,19],"4":[1,18],"5":[0,18],"6":[9,77],"7":[3,74],"8":[3,71],"9":[9,62],"10":[1,71],"11":[1,12],"12":[30,1],"13":[28,2],"14":[1,27],"15":[2,25],"16":[2,16],"17":[13,1],"18":[45,2],"19":[45,0],"20":[1,44],"21":[5,1],"22":[5,0],"23":[1,4],"24":[0,4],"25":[4,0],"26":[6,1],"27":[6,0],"28":[4,46],"29":[5,41],"30":[37,4],"31":[1,40],"32":[0,57],"33":[6,51],"34":[5,51],"35":[5,46],"36":[1,4],"37":[1,3],"38":[1,2],"39":[1,1],"40":[17,2],"41":[8,2],"42":[10,2],"43":[4,6],"44":[2,2],"45":[11,4],"46":[6,5],"47":[1,5],"48":[4,0],"49":[4,1],"50":[1,4],"51":[2,1],"52":[3,1],"53":[14,1],"54":[3,1],"55":[5,2],"56":[2,3]},"f":{"1":23,"2":86,"3":72,"4":13,"5":28,"6":45,"7":5,"8":6,"9":50,"10":57,"11":57,"12":5,"13":17,"14":8,"15":5,"16":10,"17":11,"18":14,"19":3,"20":5},"fnMap":{"1":{"name":"constructor","line":117,"loc":{"start":{"line":111,"column":4},"end":{"line":128,"column":4}}},"2":{"name":"getDiscountedPrice","line":140,"loc":{"start":{"line":140,"column":4},"end":{"line":158,"column":4}}},"3":{"name":"calculateTotalCostWithDiscount","line":165,"loc":{"start":{"line":165,"column":4},"end":{"line":169,"column":4}}},"4":{"name":"calculateTotalCostAtBasePrice","line":176,"loc":{"start":{"line":176,"column":4},"end":{"line":179,"column":4}}},"5":{"name":"buyTokensWithNative","line":189,"loc":{"start":{"line":187,"column":4},"end":{"line":205,"column":4}}},"6":{"name":"buyTokensWithStablecoin","line":215,"loc":{"start":{"line":212,"column":4},"end":{"line":218,"column":4}}},"7":{"name":"buyTokensWithNativeAtBasePrice","line":228,"loc":{"start":{"line":226,"column":4},"end":{"line":243,"column":4}}},"8":{"name":"buyTokensWithStablecoinAtBasePrice","line":253,"loc":{"start":{"line":250,"column":4},"end":{"line":255,"column":4}}},"9":{"name":"_buyWithStablecoin","line":259,"loc":{"start":{"line":259,"column":4},"end":{"line":289,"column":4}}},"10":{"name":"_processPurchase","line":291,"loc":{"start":{"line":291,"column":4},"end":{"line":314,"column":4}}},"11":{"name":"getNativeAmountFromUsd","line":323,"loc":{"start":{"line":323,"column":4},"end":{"line":333,"column":4}}},"12":{"name":"getDiscountInfo","line":341,"loc":{"start":{"line":341,"column":4},"end":{"line":360,"column":4}}},"13":{"name":"pauseDiscountedSale","line":367,"loc":{"start":{"line":367,"column":4},"end":{"line":370,"column":4}}},"14":{"name":"resumeDiscountedSale","line":375,"loc":{"start":{"line":375,"column":4},"end":{"line":378,"column":4}}},"15":{"name":"isDiscountedSaleActive","line":383,"loc":{"start":{"line":383,"column":4},"end":{"line":385,"column":4}}},"16":{"name":"setBasePrice","line":391,"loc":{"start":{"line":391,"column":4},"end":{"line":400,"column":4}}},"17":{"name":"withdrawFunds","line":410,"loc":{"start":{"line":407,"column":4},"end":{"line":429,"column":4}}},"18":{"name":"pauseSale","line":434,"loc":{"start":{"line":434,"column":4},"end":{"line":436,"column":4}}},"19":{"name":"resumeSale","line":441,"loc":{"start":{"line":441,"column":4},"end":{"line":443,"column":4}}},"20":{"name":"setPriceFeed","line":449,"loc":{"start":{"line":449,"column":4},"end":{"line":453,"column":4}}}},"statementMap":{"1":{"start":{"line":118,"column":8},"end":{"line":118,"column":61}},"2":{"start":{"line":119,"column":8},"end":{"line":119,"column":71}},"3":{"start":{"line":120,"column":8},"end":{"line":120,"column":65}},"4":{"start":{"line":121,"column":8},"end":{"line":121,"column":65}},"5":{"start":{"line":122,"column":8},"end":{"line":122,"column":60}},"6":{"start":{"line":144,"column":8},"end":{"line":144,"column":43}},"7":{"start":{"line":147,"column":8},"end":{"line":147,"column":50}},"8":{"start":{"line":149,"column":8},"end":{"line":149,"column":5184}},"9":{"start":{"line":151,"column":15},"end":{"line":151,"column":5300}},"10":{"start":{"line":153,"column":15},"end":{"line":153,"column":5414}},"11":{"start":{"line":155,"column":15},"end":{"line":155,"column":5527}},"12":{"start":{"line":166,"column":8},"end":{"line":166,"column":51}},"13":{"start":{"line":167,"column":8},"end":{"line":167,"column":70}},"14":{"start":{"line":168,"column":8},"end":{"line":168,"column":58}},"15":{"start":{"line":177,"column":8},"end":{"line":177,"column":51}},"16":{"start":{"line":178,"column":8},"end":{"line":178,"column":54}},"17":{"start":{"line":190,"column":8},"end":{"line":190,"column":65}},"18":{"start":{"line":191,"column":8},"end":{"line":191,"column":69}},"19":{"start":{"line":193,"column":8},"end":{"line":193,"column":83}},"20":{"start":{"line":194,"column":8},"end":{"line":194,"column":68}},"21":{"start":{"line":196,"column":8},"end":{"line":196,"column":65}},"22":{"start":{"line":198,"column":8},"end":{"line":198,"column":89}},"23":{"start":{"line":202,"column":12},"end":{"line":202,"column":52}},"24":{"start":{"line":203,"column":12},"end":{"line":203,"column":65}},"25":{"start":{"line":203,"column":28},"end":{"line":203,"column":64}},"26":{"start":{"line":216,"column":8},"end":{"line":216,"column":65}},"27":{"start":{"line":217,"column":8},"end":{"line":217,"column":71}},"28":{"start":{"line":229,"column":8},"end":{"line":229,"column":69}},"29":{"start":{"line":231,"column":8},"end":{"line":231,"column":82}},"30":{"start":{"line":232,"column":8},"end":{"line":232,"column":68}},"31":{"start":{"line":234,"column":8},"end":{"line":234,"column":65}},"32":{"start":{"line":236,"column":8},"end":{"line":236,"column":90}},"33":{"start":{"line":240,"column":12},"end":{"line":240,"column":52}},"34":{"start":{"line":241,"column":12},"end":{"line":241,"column":65}},"35":{"start":{"line":241,"column":28},"end":{"line":241,"column":64}},"36":{"start":{"line":254,"column":8},"end":{"line":254,"column":72}},"37":{"start":{"line":264,"column":8},"end":{"line":264,"column":9588}},"38":{"start":{"line":268,"column":8},"end":{"line":268,"column":69}},"39":{"start":{"line":270,"column":8},"end":{"line":270,"column":9878}},"40":{"start":{"line":274,"column":8},"end":{"line":274,"column":70}},"41":{"start":{"line":275,"column":8},"end":{"line":275,"column":49}},"42":{"start":{"line":277,"column":8},"end":{"line":277,"column":32}},"43":{"start":{"line":282,"column":8},"end":{"line":282,"column":10263}},"44":{"start":{"line":288,"column":8},"end":{"line":288,"column":106}},"45":{"start":{"line":298,"column":8},"end":{"line":298,"column":51}},"46":{"start":{"line":300,"column":8},"end":{"line":300,"column":51}},"47":{"start":{"line":301,"column":8},"end":{"line":301,"column":46}},"48":{"start":{"line":304,"column":12},"end":{"line":304,"column":84}},"49":{"start":{"line":307,"column":8},"end":{"line":307,"column":40}},"50":{"start":{"line":313,"column":8},"end":{"line":313,"column":92}},"51":{"start":{"line":324,"column":8},"end":{"line":324,"column":83}},"52":{"start":{"line":326,"column":8},"end":{"line":326,"column":51}},"53":{"start":{"line":327,"column":8},"end":{"line":327,"column":94}},"54":{"start":{"line":329,"column":8},"end":{"line":329,"column":56}},"55":{"start":{"line":332,"column":8},"end":{"line":332,"column":96}},"56":{"start":{"line":345,"column":8},"end":{"line":345,"column":50}},"57":{"start":{"line":347,"column":8},"end":{"line":347,"column":12447}},"58":{"start":{"line":349,"column":15},"end":{"line":349,"column":12528}},"59":{"start":{"line":351,"column":15},"end":{"line":351,"column":12607}},"60":{"start":{"line":353,"column":15},"end":{"line":353,"column":12685}},"61":{"start":{"line":369,"column":8},"end":{"line":369,"column":35}},"62":{"start":{"line":377,"column":8},"end":{"line":377,"column":36}},"63":{"start":{"line":384,"column":8},"end":{"line":384,"column":49}},"64":{"start":{"line":392,"column":8},"end":{"line":392,"column":13714}},"65":{"start":{"line":396,"column":8},"end":{"line":396,"column":41}},"66":{"start":{"line":399,"column":8},"end":{"line":399,"column":55}},"67":{"start":{"line":411,"column":8},"end":{"line":411,"column":35}},"68":{"start":{"line":413,"column":8},"end":{"line":413,"column":14366}},"69":{"start":{"line":414,"column":12},"end":{"line":414,"column":51}},"70":{"start":{"line":415,"column":12},"end":{"line":415,"column":49}},"71":{"start":{"line":417,"column":12},"end":{"line":417,"column":94}},"72":{"start":{"line":418,"column":12},"end":{"line":418,"column":57}},"73":{"start":{"line":419,"column":12},"end":{"line":419,"column":72}},"74":{"start":{"line":421,"column":12},"end":{"line":421,"column":48}},"75":{"start":{"line":422,"column":12},"end":{"line":422,"column":60}},"76":{"start":{"line":423,"column":12},"end":{"line":423,"column":49}},"77":{"start":{"line":425,"column":12},"end":{"line":425,"column":94}},"78":{"start":{"line":426,"column":12},"end":{"line":426,"column":58}},"79":{"start":{"line":427,"column":12},"end":{"line":427,"column":75}},"80":{"start":{"line":435,"column":8},"end":{"line":435,"column":15}},"81":{"start":{"line":442,"column":8},"end":{"line":442,"column":17}},"82":{"start":{"line":450,"column":8},"end":{"line":450,"column":61}},"83":{"start":{"line":452,"column":8},"end":{"line":452,"column":54}}},"branchMap":{"1":{"line":118,"type":"if","locations":[{"start":{"line":118,"column":8},"end":{"line":118,"column":8}},{"start":{"line":118,"column":8},"end":{"line":118,"column":8}}]},"2":{"line":119,"type":"if","locations":[{"start":{"line":119,"column":8},"end":{"line":119,"column":8}},{"start":{"line":119,"column":8},"end":{"line":119,"column":8}}]},"3":{"line":120,"type":"if","locations":[{"start":{"line":120,"column":8},"end":{"line":120,"column":8}},{"start":{"line":120,"column":8},"end":{"line":120,"column":8}}]},"4":{"line":121,"type":"if","locations":[{"start":{"line":121,"column":8},"end":{"line":121,"column":8}},{"start":{"line":121,"column":8},"end":{"line":121,"column":8}}]},"5":{"line":122,"type":"if","locations":[{"start":{"line":122,"column":8},"end":{"line":122,"column":8}},{"start":{"line":122,"column":8},"end":{"line":122,"column":8}}]},"6":{"line":149,"type":"if","locations":[{"start":{"line":149,"column":8},"end":{"line":149,"column":8}},{"start":{"line":149,"column":8},"end":{"line":149,"column":8}}]},"7":{"line":151,"type":"if","locations":[{"start":{"line":151,"column":15},"end":{"line":151,"column":15}},{"start":{"line":151,"column":15},"end":{"line":151,"column":15}}]},"8":{"line":153,"type":"if","locations":[{"start":{"line":153,"column":15},"end":{"line":153,"column":15}},{"start":{"line":153,"column":15},"end":{"line":153,"column":15}}]},"9":{"line":155,"type":"if","locations":[{"start":{"line":155,"column":15},"end":{"line":155,"column":15}},{"start":{"line":155,"column":15},"end":{"line":155,"column":15}}]},"10":{"line":166,"type":"if","locations":[{"start":{"line":166,"column":8},"end":{"line":166,"column":8}},{"start":{"line":166,"column":8},"end":{"line":166,"column":8}}]},"11":{"line":177,"type":"if","locations":[{"start":{"line":177,"column":8},"end":{"line":177,"column":8}},{"start":{"line":177,"column":8},"end":{"line":177,"column":8}}]},"12":{"line":189,"type":"if","locations":[{"start":{"line":189,"column":23},"end":{"line":189,"column":23}},{"start":{"line":189,"column":23},"end":{"line":189,"column":23}}]},"13":{"line":189,"type":"if","locations":[{"start":{"line":189,"column":37},"end":{"line":189,"column":37}},{"start":{"line":189,"column":37},"end":{"line":189,"column":37}}]},"14":{"line":190,"type":"if","locations":[{"start":{"line":190,"column":8},"end":{"line":190,"column":8}},{"start":{"line":190,"column":8},"end":{"line":190,"column":8}}]},"15":{"line":191,"type":"if","locations":[{"start":{"line":191,"column":8},"end":{"line":191,"column":8}},{"start":{"line":191,"column":8},"end":{"line":191,"column":8}}]},"16":{"line":196,"type":"if","locations":[{"start":{"line":196,"column":8},"end":{"line":196,"column":8}},{"start":{"line":196,"column":8},"end":{"line":196,"column":8}}]},"17":{"line":203,"type":"if","locations":[{"start":{"line":203,"column":12},"end":{"line":203,"column":12}},{"start":{"line":203,"column":12},"end":{"line":203,"column":12}}]},"18":{"line":215,"type":"if","locations":[{"start":{"line":215,"column":15},"end":{"line":215,"column":15}},{"start":{"line":215,"column":15},"end":{"line":215,"column":15}}]},"19":{"line":215,"type":"if","locations":[{"start":{"line":215,"column":29},"end":{"line":215,"column":29}},{"start":{"line":215,"column":29},"end":{"line":215,"column":29}}]},"20":{"line":216,"type":"if","locations":[{"start":{"line":216,"column":8},"end":{"line":216,"column":8}},{"start":{"line":216,"column":8},"end":{"line":216,"column":8}}]},"21":{"line":228,"type":"if","locations":[{"start":{"line":228,"column":23},"end":{"line":228,"column":23}},{"start":{"line":228,"column":23},"end":{"line":228,"column":23}}]},"22":{"line":228,"type":"if","locations":[{"start":{"line":228,"column":37},"end":{"line":228,"column":37}},{"start":{"line":228,"column":37},"end":{"line":228,"column":37}}]},"23":{"line":229,"type":"if","locations":[{"start":{"line":229,"column":8},"end":{"line":229,"column":8}},{"start":{"line":229,"column":8},"end":{"line":229,"column":8}}]},"24":{"line":234,"type":"if","locations":[{"start":{"line":234,"column":8},"end":{"line":234,"column":8}},{"start":{"line":234,"column":8},"end":{"line":234,"column":8}}]},"25":{"line":241,"type":"if","locations":[{"start":{"line":241,"column":12},"end":{"line":241,"column":12}},{"start":{"line":241,"column":12},"end":{"line":241,"column":12}}]},"26":{"line":253,"type":"if","locations":[{"start":{"line":253,"column":15},"end":{"line":253,"column":15}},{"start":{"line":253,"column":15},"end":{"line":253,"column":15}}]},"27":{"line":253,"type":"if","locations":[{"start":{"line":253,"column":29},"end":{"line":253,"column":29}},{"start":{"line":253,"column":29},"end":{"line":253,"column":29}}]},"28":{"line":264,"type":"if","locations":[{"start":{"line":264,"column":8},"end":{"line":264,"column":8}},{"start":{"line":264,"column":8},"end":{"line":264,"column":8}}]},"29":{"line":268,"type":"if","locations":[{"start":{"line":268,"column":8},"end":{"line":268,"column":8}},{"start":{"line":268,"column":8},"end":{"line":268,"column":8}}]},"30":{"line":271,"type":"if","locations":[{"start":{"line":271,"column":14},"end":{"line":271,"column":63}},{"start":{"line":272,"column":14},"end":{"line":272,"column":62}}]},"31":{"line":275,"type":"if","locations":[{"start":{"line":275,"column":8},"end":{"line":275,"column":8}},{"start":{"line":275,"column":8},"end":{"line":275,"column":8}}]},"32":{"line":298,"type":"if","locations":[{"start":{"line":298,"column":8},"end":{"line":298,"column":8}},{"start":{"line":298,"column":8},"end":{"line":298,"column":8}}]},"33":{"line":304,"type":"if","locations":[{"start":{"line":304,"column":12},"end":{"line":304,"column":12}},{"start":{"line":304,"column":12},"end":{"line":304,"column":12}}]},"34":{"line":326,"type":"if","locations":[{"start":{"line":326,"column":8},"end":{"line":326,"column":8}},{"start":{"line":326,"column":8},"end":{"line":326,"column":8}}]},"35":{"line":327,"type":"if","locations":[{"start":{"line":327,"column":8},"end":{"line":327,"column":8}},{"start":{"line":327,"column":8},"end":{"line":327,"column":8}}]},"36":{"line":347,"type":"if","locations":[{"start":{"line":347,"column":8},"end":{"line":347,"column":8}},{"start":{"line":347,"column":8},"end":{"line":347,"column":8}}]},"37":{"line":349,"type":"if","locations":[{"start":{"line":349,"column":15},"end":{"line":349,"column":15}},{"start":{"line":349,"column":15},"end":{"line":349,"column":15}}]},"38":{"line":351,"type":"if","locations":[{"start":{"line":351,"column":15},"end":{"line":351,"column":15}},{"start":{"line":351,"column":15},"end":{"line":351,"column":15}}]},"39":{"line":353,"type":"if","locations":[{"start":{"line":353,"column":15},"end":{"line":353,"column":15}},{"start":{"line":353,"column":15},"end":{"line":353,"column":15}}]},"40":{"line":367,"type":"if","locations":[{"start":{"line":367,"column":44},"end":{"line":367,"column":44}},{"start":{"line":367,"column":44},"end":{"line":367,"column":44}}]},"41":{"line":375,"type":"if","locations":[{"start":{"line":375,"column":45},"end":{"line":375,"column":45}},{"start":{"line":375,"column":45},"end":{"line":375,"column":45}}]},"42":{"line":391,"type":"if","locations":[{"start":{"line":391,"column":59},"end":{"line":391,"column":59}},{"start":{"line":391,"column":59},"end":{"line":391,"column":59}}]},"43":{"line":392,"type":"if","locations":[{"start":{"line":392,"column":8},"end":{"line":392,"column":8}},{"start":{"line":392,"column":8},"end":{"line":392,"column":8}}]},"44":{"line":392,"type":"cond-expr","locations":[{"start":{"line":392,"column":12},"end":{"line":392,"column":43}},{"start":{"line":392,"column":48},"end":{"line":392,"column":79}}]},"45":{"line":410,"type":"if","locations":[{"start":{"line":410,"column":15},"end":{"line":410,"column":15}},{"start":{"line":410,"column":15},"end":{"line":410,"column":15}}]},"46":{"line":413,"type":"if","locations":[{"start":{"line":413,"column":8},"end":{"line":413,"column":8}},{"start":{"line":413,"column":8},"end":{"line":413,"column":8}}]},"47":{"line":415,"type":"if","locations":[{"start":{"line":415,"column":12},"end":{"line":415,"column":12}},{"start":{"line":415,"column":12},"end":{"line":415,"column":12}}]},"48":{"line":417,"type":"cond-expr","locations":[{"start":{"line":417,"column":40},"end":{"line":417,"column":51}},{"start":{"line":417,"column":56},"end":{"line":417,"column":72}}]},"49":{"line":417,"type":"if","locations":[{"start":{"line":417,"column":77},"end":{"line":417,"column":83}},{"start":{"line":417,"column":87},"end":{"line":417,"column":93}}]},"50":{"line":423,"type":"if","locations":[{"start":{"line":423,"column":12},"end":{"line":423,"column":12}},{"start":{"line":423,"column":12},"end":{"line":423,"column":12}}]},"51":{"line":425,"type":"cond-expr","locations":[{"start":{"line":425,"column":40},"end":{"line":425,"column":51}},{"start":{"line":425,"column":56},"end":{"line":425,"column":72}}]},"52":{"line":425,"type":"if","locations":[{"start":{"line":425,"column":77},"end":{"line":425,"column":83}},{"start":{"line":425,"column":87},"end":{"line":425,"column":93}}]},"53":{"line":434,"type":"if","locations":[{"start":{"line":434,"column":34},"end":{"line":434,"column":34}},{"start":{"line":434,"column":34},"end":{"line":434,"column":34}}]},"54":{"line":441,"type":"if","locations":[{"start":{"line":441,"column":35},"end":{"line":441,"column":35}},{"start":{"line":441,"column":35},"end":{"line":441,"column":35}}]},"55":{"line":449,"type":"if","locations":[{"start":{"line":449,"column":58},"end":{"line":449,"column":58}},{"start":{"line":449,"column":58},"end":{"line":449,"column":58}}]},"56":{"line":450,"type":"if","locations":[{"start":{"line":450,"column":8},"end":{"line":450,"column":8}},{"start":{"line":450,"column":8},"end":{"line":450,"column":8}}]}}},
"contracts/staking.sol":{"l":{"184":33,"185":32,"187":32,"188":32,"196":2,"200":2,"217":220,"219":219,"220":219,"221":218,"223":216,"224":216,"227":215,"230":212,"233":212,"234":212,"235":212,"238":212,"241":212,"255":212,"271":31,"273":31,"274":29,"275":27,"277":25,"279":25,"280":21,"282":19,"283":19,"284":19,"286":19,"288":19,"290":19,"298":35,"300":35,"301":34,"302":32,"304":30,"305":30,"307":24,"309":24,"310":2,"313":22,"314":22,"316":22,"317":21,"318":21,"321":22,"323":22,"324":22,"325":22,"327":22,"329":22,"337":18,"339":17,"341":17,"342":16,"343":14,"345":11,"347":11,"349":11,"350":11,"351":11,"353":11,"355":11,"371":7,"372":2,"375":5,"376":5,"377":5,"379":5,"391":4,"393":3,"394":3,"395":3,"397":3,"409":4,"411":3,"412":3,"413":3,"415":3,"427":6,"428":6,"430":6,"448":7,"449":7,"455":1,"458":6,"459":9,"484":9,"485":1,"487":8,"488":1,"490":7,"491":1,"494":6,"496":6,"497":6,"499":6,"500":6,"501":6,"502":6,"504":6,"506":6,"507":0,"516":36,"518":35,"519":35,"520":35,"522":35,"523":1,"526":34,"528":34,"536":16,"538":15,"539":15,"541":10,"542":10,"544":10,"552":7,"553":7,"555":7,"569":8,"570":5,"571":4,"573":3,"575":3,"582":23,"583":22,"590":4,"591":3,"610":6,"611":6,"613":6,"615":6,"616":55,"617":55,"618":54,"619":54,"620":5,"625":6,"626":2,"629":4,"630":4,"632":4,"633":2,"635":0,"637":1,"639":1,"653":6,"671":7,"672":7,"674":7,"675":7,"677":7,"679":7,"680":7,"681":7,"685":7,"697":1,"698":1,"699":1,"700":1,"702":1,"703":1,"704":1,"705":1,"721":1,"730":3,"739":13,"751":32,"759":32,"767":32,"775":32,"793":56,"794":1,"797":55,"798":55,"800":55,"801":49},"path":"/home/shailesh/Desktop/Vittagems/Hardhat-Contract/contracts/staking.sol","s":{"1":33,"2":32,"3":32,"4":220,"5":219,"6":219,"7":218,"8":216,"9":216,"10":215,"11":212,"12":212,"13":31,"14":31,"15":29,"16":27,"17":25,"18":25,"19":21,"20":19,"21":19,"22":19,"23":35,"24":35,"25":34,"26":32,"27":30,"28":30,"29":24,"30":24,"31":22,"32":22,"33":22,"34":22,"35":22,"36":18,"37":17,"38":17,"39":16,"40":14,"41":11,"42":11,"43":11,"44":7,"45":5,"46":5,"47":5,"48":4,"49":3,"50":3,"51":3,"52":4,"53":3,"54":3,"55":3,"56":6,"57":6,"58":7,"59":7,"60":6,"61":9,"62":9,"63":8,"64":7,"65":6,"66":6,"67":6,"68":6,"69":6,"70":0,"71":36,"72":35,"73":35,"74":35,"75":35,"76":34,"77":16,"78":15,"79":15,"80":10,"81":10,"82":7,"83":7,"84":8,"85":5,"86":4,"87":3,"88":3,"89":23,"90":22,"91":4,"92":3,"93":6,"94":6,"95":6,"96":6,"97":55,"98":55,"99":54,"100":54,"101":6,"102":2,"103":4,"104":2,"105":2,"106":6,"107":7,"108":7,"109":7,"110":7,"111":7,"112":7,"113":1,"114":3,"115":13,"116":56,"117":1,"118":55,"119":55},"b":{"1":[1,32],"2":[0,32],"3":[221,0],"4":[220,1],"5":[1,219],"6":[1,218],"7":[2,216],"8":[1,215],"9":[32,0],"10":[31,1],"11":[2,29],"12":[2,27],"13":[2,25],"14":[4,21],"15":[2,19],"16":[36,0],"17":[35,1],"18":[1,34],"19":[2,32],"20":[2,30],"21":[6,24],"22":[2,22],"23":[21,1],"24":[18,0],"25":[1,17],"26":[1,16],"27":[2,14],"28":[3,11],"29":[7,2],"30":[2,5],"31":[1,1],"32":[4,1],"33":[1,3],"34":[4,1],"35":[1,3],"36":[6,2],"37":[7,1],"38":[1,6],"39":[1,0],"40":[0,0],"41":[0,0],"42":[1,8],"43":[1,0],"44":[1,7],"45":[1,6],"46":[0,6],"47":[36,1],"48":[1,35],"49":[1,34],"50":[16,2],"51":[1,15],"52":[11,4],"53":[5,10],"54":[7,1],"55":[8,2],"56":[3,5],"57":[1,4],"58":[1,3],"59":[23,2],"60":[4,1],"61":[54,1],"62":[5,49],"63":[2,4],"64":[2,2],"65":[0,2],"66":[1,1],"67":[7,0],"68":[1,55],"69":[49,6]},"f":{"1":33,"2":2,"3":220,"4":31,"5":35,"6":18,"7":7,"8":4,"9":4,"10":6,"11":7,"12":9,"13":36,"14":16,"15":7,"16":8,"17":23,"18":4,"19":6,"20":6,"21":7,"22":1,"23":1,"24":3,"25":13,"26":32,"27":56},"fnMap":{"1":{"name":"constructor","line":183,"loc":{"start":{"line":180,"column":4},"end":{"line":189,"column":4}}},"2":{"name":null,"line":199,"loc":{"start":{"line":199,"column":4},"end":{"line":201,"column":4}}},"3":{"name":"stake","line":216,"loc":{"start":{"line":213,"column":4},"end":{"line":263,"column":0}}},"4":{"name":"claimReward","line":270,"loc":{"start":{"line":270,"column":4},"end":{"line":291,"column":4}}},"5":{"name":"unstake","line":297,"loc":{"start":{"line":297,"column":4},"end":{"line":330,"column":4}}},"6":{"name":"emergencyWithdraw","line":336,"loc":{"start":{"line":336,"column":4},"end":{"line":356,"column":4}}},"7":{"name":"updateRewardRate","line":370,"loc":{"start":{"line":367,"column":4},"end":{"line":380,"column":4}}},"8":{"name":"updateTierDuration","line":390,"loc":{"start":{"line":387,"column":4},"end":{"line":398,"column":4}}},"9":{"name":"updateMinStakeAmount","line":408,"loc":{"start":{"line":405,"column":4},"end":{"line":416,"column":4}}},"10":{"name":"setTierActive","line":426,"loc":{"start":{"line":423,"column":4},"end":{"line":431,"column":4}}},"11":{"name":"batchUpdateTierPlans","line":447,"loc":{"start":{"line":441,"column":0},"end":{"line":467,"column":0}}},"12":{"name":"_updateSingleTierPlan","line":477,"loc":{"start":{"line":477,"column":0},"end":{"line":509,"column":0}}},"13":{"name":"depositRewardPool","line":515,"loc":{"start":{"line":515,"column":4},"end":{"line":529,"column":4}}},"14":{"name":"withdrawRewardPool","line":535,"loc":{"start":{"line":535,"column":4},"end":{"line":545,"column":4}}},"15":{"name":"setMinimumReserve","line":551,"loc":{"start":{"line":551,"column":4},"end":{"line":556,"column":4}}},"16":{"name":"recoverERC20","line":568,"loc":{"start":{"line":564,"column":4},"end":{"line":576,"column":4}}},"17":{"name":"pause","line":581,"loc":{"start":{"line":581,"column":4},"end":{"line":584,"column":4}}},"18":{"name":"unpause","line":589,"loc":{"start":{"line":589,"column":4},"end":{"line":592,"column":4}}},"19":{"name":"getUserCurrentTier","line":605,"loc":{"start":{"line":605,"column":4},"end":{"line":641,"column":4}}},"20":{"name":"getUserTotalStaked","line":649,"loc":{"start":{"line":649,"column":4},"end":{"line":657,"column":4}}},"21":{"name":"getUserTotalRewards","line":666,"loc":{"start":{"line":666,"column":4},"end":{"line":686,"column":4}}},"22":{"name":"getAllTierPlans","line":693,"loc":{"start":{"line":693,"column":4},"end":{"line":706,"column":4}}},"23":{"name":"getContractStats","line":715,"loc":{"start":{"line":715,"column":4},"end":{"line":722,"column":4}}},"24":{"name":"getUserStakeIds","line":729,"loc":{"start":{"line":729,"column":4},"end":{"line":731,"column":4}}},"25":{"name":"getTierPlan","line":738,"loc":{"start":{"line":738,"column":4},"end":{"line":740,"column":4}}},"26":{"name":"_initializeTierPlans","line":749,"loc":{"start":{"line":749,"column":4},"end":{"line":781,"column":4}}},"27":{"name":"_calculateClaimableReward","line":789,"loc":{"start":{"line":789,"column":4},"end":{"line":803,"column":4}}}},"statementMap":{"1":{"start":{"line":184,"column":8},"end":{"line":184,"column":61}},"2":{"start":{"line":185,"column":8},"end":{"line":185,"column":61}},"3":{"start":{"line":188,"column":8},"end":{"line":188,"column":29}},"4":{"start":{"line":217,"column":4},"end":{"line":217,"column":90}},"5":{"start":{"line":219,"column":4},"end":{"line":219,"column":43}},"6":{"start":{"line":220,"column":4},"end":{"line":220,"column":46}},"7":{"start":{"line":221,"column":4},"end":{"line":221,"column":65}},"8":{"start":{"line":223,"column":4},"end":{"line":223,"column":71}},"9":{"start":{"line":224,"column":4},"end":{"line":224,"column":59}},"10":{"start":{"line":227,"column":4},"end":{"line":227,"column":68}},"11":{"start":{"line":238,"column":4},"end":{"line":238,"column":42}},"12":{"start":{"line":255,"column":4},"end":{"line":255,"column":10497}},"13":{"start":{"line":271,"column":8},"end":{"line":271,"column":50}},"14":{"start":{"line":273,"column":8},"end":{"line":273,"column":66}},"15":{"start":{"line":274,"column":8},"end":{"line":274,"column":66}},"16":{"start":{"line":275,"column":8},"end":{"line":275,"column":56}},"17":{"start":{"line":277,"column":8},"end":{"line":277,"column":97}},"18":{"start":{"line":279,"column":8},"end":{"line":279,"column":59}},"19":{"start":{"line":280,"column":8},"end":{"line":280,"column":73}},"20":{"start":{"line":286,"column":8},"end":{"line":286,"column":61}},"21":{"start":{"line":288,"column":8},"end":{"line":288,"column":82}},"22":{"start":{"line":290,"column":8},"end":{"line":290,"column":30}},"23":{"start":{"line":298,"column":8},"end":{"line":298,"column":50}},"24":{"start":{"line":300,"column":8},"end":{"line":300,"column":66}},"25":{"start":{"line":301,"column":8},"end":{"line":301,"column":66}},"26":{"start":{"line":302,"column":8},"end":{"line":302,"column":56}},"27":{"start":{"line":304,"column":8},"end":{"line":304,"column":78}},"28":{"start":{"line":305,"column":8},"end":{"line":305,"column":74}},"29":{"start":{"line":307,"column":8},"end":{"line":307,"column":70}},"30":{"start":{"line":309,"column":8},"end":{"line":309,"column":12457}},"31":{"start":{"line":313,"column":8},"end":{"line":313,"column":50}},"32":{"start":{"line":314,"column":8},"end":{"line":314,"column":59}},"33":{"start":{"line":316,"column":8},"end":{"line":316,"column":12686}},"34":{"start":{"line":327,"column":8},"end":{"line":327,"column":57}},"35":{"start":{"line":329,"column":8},"end":{"line":329,"column":86}},"36":{"start":{"line":337,"column":8},"end":{"line":337,"column":41}},"37":{"start":{"line":339,"column":8},"end":{"line":339,"column":50}},"38":{"start":{"line":341,"column":8},"end":{"line":341,"column":66}},"39":{"start":{"line":342,"column":8},"end":{"line":342,"column":66}},"40":{"start":{"line":343,"column":8},"end":{"line":343,"column":56}},"41":{"start":{"line":345,"column":8},"end":{"line":345,"column":50}},"42":{"start":{"line":353,"column":8},"end":{"line":353,"column":61}},"43":{"start":{"line":355,"column":8},"end":{"line":355,"column":69}},"44":{"start":{"line":371,"column":8},"end":{"line":371,"column":14792}},"45":{"start":{"line":375,"column":8},"end":{"line":375,"column":48}},"46":{"start":{"line":376,"column":8},"end":{"line":376,"column":41}},"47":{"start":{"line":379,"column":8},"end":{"line":379,"column":117}},"48":{"start":{"line":391,"column":8},"end":{"line":391,"column":55}},"49":{"start":{"line":393,"column":8},"end":{"line":393,"column":48}},"50":{"start":{"line":394,"column":8},"end":{"line":394,"column":43}},"51":{"start":{"line":397,"column":8},"end":{"line":397,"column":66}},"52":{"start":{"line":409,"column":8},"end":{"line":409,"column":53}},"53":{"start":{"line":411,"column":8},"end":{"line":411,"column":48}},"54":{"start":{"line":412,"column":8},"end":{"line":412,"column":44}},"55":{"start":{"line":415,"column":8},"end":{"line":415,"column":106}},"56":{"start":{"line":427,"column":8},"end":{"line":427,"column":48}},"57":{"start":{"line":430,"column":8},"end":{"line":430,"column":122}},"58":{"start":{"line":448,"column":4},"end":{"line":448,"column":34}},"59":{"start":{"line":449,"column":4},"end":{"line":449,"column":17266}},"60":{"start":{"line":458,"column":4},"end":{"line":458,"column":17483}},"61":{"start":{"line":459,"column":8},"end":{"line":459,"column":17534}},"62":{"start":{"line":484,"column":4},"end":{"line":484,"column":18099}},"63":{"start":{"line":487,"column":4},"end":{"line":487,"column":18202}},"64":{"start":{"line":490,"column":4},"end":{"line":490,"column":18268}},"65":{"start":{"line":494,"column":4},"end":{"line":494,"column":44}},"66":{"start":{"line":496,"column":4},"end":{"line":496,"column":37}},"67":{"start":{"line":497,"column":4},"end":{"line":497,"column":39}},"68":{"start":{"line":504,"column":4},"end":{"line":504,"column":86}},"69":{"start":{"line":506,"column":4},"end":{"line":506,"column":18693}},"70":{"start":{"line":507,"column":8},"end":{"line":507,"column":63}},"71":{"start":{"line":516,"column":8},"end":{"line":516,"column":48}},"72":{"start":{"line":518,"column":8},"end":{"line":518,"column":69}},"73":{"start":{"line":519,"column":8},"end":{"line":519,"column":72}},"74":{"start":{"line":520,"column":8},"end":{"line":520,"column":68}},"75":{"start":{"line":522,"column":8},"end":{"line":522,"column":19263}},"76":{"start":{"line":528,"column":8},"end":{"line":528,"column":53}},"77":{"start":{"line":536,"column":8},"end":{"line":536,"column":48}},"78":{"start":{"line":538,"column":8},"end":{"line":538,"column":89}},"79":{"start":{"line":539,"column":8},"end":{"line":539,"column":61}},"80":{"start":{"line":542,"column":8},"end":{"line":542,"column":53}},"81":{"start":{"line":544,"column":8},"end":{"line":544,"column":53}},"82":{"start":{"line":552,"column":8},"end":{"line":552,"column":43}},"83":{"start":{"line":555,"column":8},"end":{"line":555,"column":63}},"84":{"start":{"line":569,"column":8},"end":{"line":569,"column":79}},"85":{"start":{"line":570,"column":8},"end":{"line":570,"column":51}},"86":{"start":{"line":571,"column":8},"end":{"line":571,"column":48}},"87":{"start":{"line":573,"column":8},"end":{"line":573,"column":48}},"88":{"start":{"line":575,"column":8},"end":{"line":575,"column":50}},"89":{"start":{"line":582,"column":8},"end":{"line":582,"column":15}},"90":{"start":{"line":583,"column":8},"end":{"line":583,"column":39}},"91":{"start":{"line":590,"column":8},"end":{"line":590,"column":17}},"92":{"start":{"line":591,"column":8},"end":{"line":591,"column":41}},"93":{"start":{"line":610,"column":8},"end":{"line":610,"column":56}},"94":{"start":{"line":611,"column":8},"end":{"line":611,"column":40}},"95":{"start":{"line":613,"column":8},"end":{"line":613,"column":31}},"96":{"start":{"line":615,"column":8},"end":{"line":615,"column":22319}},"97":{"start":{"line":616,"column":12},"end":{"line":616,"column":56}},"98":{"start":{"line":617,"column":12},"end":{"line":617,"column":22432}},"99":{"start":{"line":618,"column":16},"end":{"line":618,"column":66}},"100":{"start":{"line":619,"column":16},"end":{"line":619,"column":22547}},"101":{"start":{"line":625,"column":8},"end":{"line":625,"column":22666}},"102":{"start":{"line":626,"column":12},"end":{"line":626,"column":47}},"103":{"start":{"line":632,"column":8},"end":{"line":632,"column":22834}},"104":{"start":{"line":634,"column":15},"end":{"line":634,"column":22916}},"105":{"start":{"line":636,"column":15},"end":{"line":636,"column":22998}},"106":{"start":{"line":653,"column":8},"end":{"line":653,"column":23488}},"107":{"start":{"line":671,"column":8},"end":{"line":671,"column":56}},"108":{"start":{"line":672,"column":8},"end":{"line":672,"column":40}},"109":{"start":{"line":674,"column":8},"end":{"line":674,"column":24199}},"110":{"start":{"line":675,"column":12},"end":{"line":675,"column":56}},"111":{"start":{"line":679,"column":12},"end":{"line":679,"column":24380}},"112":{"start":{"line":680,"column":16},"end":{"line":680,"column":80}},"113":{"start":{"line":721,"column":8},"end":{"line":721,"column":73}},"114":{"start":{"line":730,"column":8},"end":{"line":730,"column":35}},"115":{"start":{"line":739,"column":8},"end":{"line":739,"column":31}},"116":{"start":{"line":793,"column":8},"end":{"line":793,"column":28179}},"117":{"start":{"line":794,"column":12},"end":{"line":794,"column":25}},"118":{"start":{"line":797,"column":8},"end":{"line":797,"column":68}},"119":{"start":{"line":800,"column":8},"end":{"line":800,"column":28412}}},"branchMap":{"1":{"line":184,"type":"if","locations":[{"start":{"line":184,"column":8},"end":{"line":184,"column":8}},{"start":{"line":184,"column":8},"end":{"line":184,"column":8}}]},"2":{"line":185,"type":"if","locations":[{"start":{"line":185,"column":8},"end":{"line":185,"column":8}},{"start":{"line":185,"column":8},"end":{"line":185,"column":8}}]},"3":{"line":216,"type":"if","locations":[{"start":{"line":216,"column":11},"end":{"line":216,"column":11}},{"start":{"line":216,"column":11},"end":{"line":216,"column":11}}]},"4":{"line":216,"type":"if","locations":[{"start":{"line":216,"column":24},"end":{"line":216,"column":24}},{"start":{"line":216,"column":24},"end":{"line":216,"column":24}}]},"5":{"line":217,"type":"if","locations":[{"start":{"line":217,"column":4},"end":{"line":217,"column":4}},{"start":{"line":217,"column":4},"end":{"line":217,"column":4}}]},"6":{"line":220,"type":"if","locations":[{"start":{"line":220,"column":4},"end":{"line":220,"column":4}},{"start":{"line":220,"column":4},"end":{"line":220,"column":4}}]},"7":{"line":221,"type":"if","locations":[{"start":{"line":221,"column":4},"end":{"line":221,"column":4}},{"start":{"line":221,"column":4},"end":{"line":221,"column":4}}]},"8":{"line":224,"type":"if","locations":[{"start":{"line":224,"column":4},"end":{"line":224,"column":4}},{"start":{"line":224,"column":4},"end":{"line":224,"column":4}}]},"9":{"line":270,"type":"if","locations":[{"start":{"line":270,"column":52},"end":{"line":270,"column":52}},{"start":{"line":270,"column":52},"end":{"line":270,"column":52}}]},"10":{"line":270,"type":"if","locations":[{"start":{"line":270,"column":65},"end":{"line":270,"column":65}},{"start":{"line":270,"column":65},"end":{"line":270,"column":65}}]},"11":{"line":273,"type":"if","locations":[{"start":{"line":273,"column":8},"end":{"line":273,"column":8}},{"start":{"line":273,"column":8},"end":{"line":273,"column":8}}]},"12":{"line":274,"type":"if","locations":[{"start":{"line":274,"column":8},"end":{"line":274,"column":8}},{"start":{"line":274,"column":8},"end":{"line":274,"column":8}}]},"13":{"line":275,"type":"if","locations":[{"start":{"line":275,"column":8},"end":{"line":275,"column":8}},{"start":{"line":275,"column":8},"end":{"line":275,"column":8}}]},"14":{"line":279,"type":"if","locations":[{"start":{"line":279,"column":8},"end":{"line":279,"column":8}},{"start":{"line":279,"column":8},"end":{"line":279,"column":8}}]},"15":{"line":280,"type":"if","locations":[{"start":{"line":280,"column":8},"end":{"line":280,"column":8}},{"start":{"line":280,"column":8},"end":{"line":280,"column":8}}]},"16":{"line":297,"type":"if","locations":[{"start":{"line":297,"column":48},"end":{"line":297,"column":48}},{"start":{"line":297,"column":48},"end":{"line":297,"column":48}}]},"17":{"line":297,"type":"if","locations":[{"start":{"line":297,"column":61},"end":{"line":297,"column":61}},{"start":{"line":297,"column":61},"end":{"line":297,"column":61}}]},"18":{"line":300,"type":"if","locations":[{"start":{"line":300,"column":8},"end":{"line":300,"column":8}},{"start":{"line":300,"column":8},"end":{"line":300,"column":8}}]},"19":{"line":301,"type":"if","locations":[{"start":{"line":301,"column":8},"end":{"line":301,"column":8}},{"start":{"line":301,"column":8},"end":{"line":301,"column":8}}]},"20":{"line":302,"type":"if","locations":[{"start":{"line":302,"column":8},"end":{"line":302,"column":8}},{"start":{"line":302,"column":8},"end":{"line":302,"column":8}}]},"21":{"line":305,"type":"if","locations":[{"start":{"line":305,"column":8},"end":{"line":305,"column":8}},{"start":{"line":305,"column":8},"end":{"line":305,"column":8}}]},"22":{"line":309,"type":"if","locations":[{"start":{"line":309,"column":8},"end":{"line":309,"column":8}},{"start":{"line":309,"column":8},"end":{"line":309,"column":8}}]},"23":{"line":316,"type":"if","locations":[{"start":{"line":316,"column":8},"end":{"line":316,"column":8}},{"start":{"line":316,"column":8},"end":{"line":316,"column":8}}]},"24":{"line":336,"type":"if","locations":[{"start":{"line":336,"column":58},"end":{"line":336,"column":58}},{"start":{"line":336,"column":58},"end":{"line":336,"column":58}}]},"25":{"line":337,"type":"if","locations":[{"start":{"line":337,"column":8},"end":{"line":337,"column":8}},{"start":{"line":337,"column":8},"end":{"line":337,"column":8}}]},"26":{"line":341,"type":"if","locations":[{"start":{"line":341,"column":8},"end":{"line":341,"column":8}},{"start":{"line":341,"column":8},"end":{"line":341,"column":8}}]},"27":{"line":342,"type":"if","locations":[{"start":{"line":342,"column":8},"end":{"line":342,"column":8}},{"start":{"line":342,"column":8},"end":{"line":342,"column":8}}]},"28":{"line":343,"type":"if","locations":[{"start":{"line":343,"column":8},"end":{"line":343,"column":8}},{"start":{"line":343,"column":8},"end":{"line":343,"column":8}}]},"29":{"line":370,"type":"if","locations":[{"start":{"line":370,"column":15},"end":{"line":370,"column":15}},{"start":{"line":370,"column":15},"end":{"line":370,"column":15}}]},"30":{"line":371,"type":"if","locations":[{"start":{"line":371,"column":8},"end":{"line":371,"column":8}},{"start":{"line":371,"column":8},"end":{"line":371,"column":8}}]},"31":{"line":371,"type":"cond-expr","locations":[{"start":{"line":371,"column":12},"end":{"line":371,"column":30}},{"start":{"line":371,"column":35},"end":{"line":371,"column":66}}]},"32":{"line":390,"type":"if","locations":[{"start":{"line":390,"column":15},"end":{"line":390,"column":15}},{"start":{"line":390,"column":15},"end":{"line":390,"column":15}}]},"33":{"line":391,"type":"if","locations":[{"start":{"line":391,"column":8},"end":{"line":391,"column":8}},{"start":{"line":391,"column":8},"end":{"line":391,"column":8}}]},"34":{"line":408,"type":"if","locations":[{"start":{"line":408,"column":15},"end":{"line":408,"column":15}},{"start":{"line":408,"column":15},"end":{"line":408,"column":15}}]},"35":{"line":409,"type":"if","locations":[{"start":{"line":409,"column":8},"end":{"line":409,"column":8}},{"start":{"line":409,"column":8},"end":{"line":409,"column":8}}]},"36":{"line":426,"type":"if","locations":[{"start":{"line":426,"column":15},"end":{"line":426,"column":15}},{"start":{"line":426,"column":15},"end":{"line":426,"column":15}}]},"37":{"line":447,"type":"if","locations":[{"start":{"line":447,"column":11},"end":{"line":447,"column":11}},{"start":{"line":447,"column":11},"end":{"line":447,"column":11}}]},"38":{"line":449,"type":"if","locations":[{"start":{"line":449,"column":4},"end":{"line":449,"column":4}},{"start":{"line":449,"column":4},"end":{"line":449,"column":4}}]},"39":{"line":450,"type":"cond-expr","locations":[{"start":{"line":450,"column":8},"end":{"line":450,"column":36}},{"start":{"line":451,"column":8},"end":{"line":451,"column":34}}]},"40":{"line":450,"type":"cond-expr","locations":[{"start":{"line":450,"column":8},"end":{"line":451,"column":34}},{"start":{"line":452,"column":8},"end":{"line":452,"column":34}}]},"41":{"line":450,"type":"cond-expr","locations":[{"start":{"line":450,"column":8},"end":{"line":452,"column":34}},{"start":{"line":453,"column":8},"end":{"line":453,"column":33}}]},"42":{"line":484,"type":"if","locations":[{"start":{"line":484,"column":4},"end":{"line":484,"column":4}},{"start":{"line":484,"column":4},"end":{"line":484,"column":4}}]},"43":{"line":484,"type":"cond-expr","locations":[{"start":{"line":484,"column":8},"end":{"line":484,"column":23}},{"start":{"line":484,"column":28},"end":{"line":484,"column":56}}]},"44":{"line":487,"type":"if","locations":[{"start":{"line":487,"column":4},"end":{"line":487,"column":4}},{"start":{"line":487,"column":4},"end":{"line":487,"column":4}}]},"45":{"line":490,"type":"if","locations":[{"start":{"line":490,"column":4},"end":{"line":490,"column":4}},{"start":{"line":490,"column":4},"end":{"line":490,"column":4}}]},"46":{"line":506,"type":"if","locations":[{"start":{"line":506,"column":4},"end":{"line":506,"column":4}},{"start":{"line":506,"column":4},"end":{"line":506,"column":4}}]},"47":{"line":515,"type":"if","locations":[{"start":{"line":515,"column":57},"end":{"line":515,"column":57}},{"start":{"line":515,"column":57},"end":{"line":515,"column":57}}]},"48":{"line":516,"type":"if","locations":[{"start":{"line":516,"column":8},"end":{"line":516,"column":8}},{"start":{"line":516,"column":8},"end":{"line":516,"column":8}}]},"49":{"line":522,"type":"if","locations":[{"start":{"line":522,"column":8},"end":{"line":522,"column":8}},{"start":{"line":522,"column":8},"end":{"line":522,"column":8}}]},"50":{"line":535,"type":"if","locations":[{"start":{"line":535,"column":58},"end":{"line":535,"column":58}},{"start":{"line":535,"column":58},"end":{"line":535,"column":58}}]},"51":{"line":536,"type":"if","locations":[{"start":{"line":536,"column":8},"end":{"line":536,"column":8}},{"start":{"line":536,"column":8},"end":{"line":536,"column":8}}]},"52":{"line":538,"type":"if","locations":[{"start":{"line":538,"column":58},"end":{"line":538,"column":84}},{"start":{"line":538,"column":88},"end":{"line":538,"column":88}}]},"53":{"line":539,"type":"if","locations":[{"start":{"line":539,"column":8},"end":{"line":539,"column":8}},{"start":{"line":539,"column":8},"end":{"line":539,"column":8}}]},"54":{"line":551,"type":"if","locations":[{"start":{"line":551,"column":65},"end":{"line":551,"column":65}},{"start":{"line":551,"column":65},"end":{"line":551,"column":65}}]},"55":{"line":568,"type":"if","locations":[{"start":{"line":568,"column":15},"end":{"line":568,"column":15}},{"start":{"line":568,"column":15},"end":{"line":568,"column":15}}]},"56":{"line":569,"type":"if","locations":[{"start":{"line":569,"column":8},"end":{"line":569,"column":8}},{"start":{"line":569,"column":8},"end":{"line":569,"column":8}}]},"57":{"line":570,"type":"if","locations":[{"start":{"line":570,"column":8},"end":{"line":570,"column":8}},{"start":{"line":570,"column":8},"end":{"line":570,"column":8}}]},"58":{"line":571,"type":"if","locations":[{"start":{"line":571,"column":8},"end":{"line":571,"column":8}},{"start":{"line":571,"column":8},"end":{"line":571,"column":8}}]},"59":{"line":581,"type":"if","locations":[{"start":{"line":581,"column":30},"end":{"line":581,"column":30}},{"start":{"line":581,"column":30},"end":{"line":581,"column":30}}]},"60":{"line":589,"type":"if","locations":[{"start":{"line":589,"column":32},"end":{"line":589,"column":32}},{"start":{"line":589,"column":32},"end":{"line":589,"column":32}}]},"61":{"line":617,"type":"if","locations":[{"start":{"line":617,"column":12},"end":{"line":617,"column":12}},{"start":{"line":617,"column":12},"end":{"line":617,"column":12}}]},"62":{"line":619,"type":"if","locations":[{"start":{"line":619,"column":16},"end":{"line":619,"column":16}},{"start":{"line":619,"column":16},"end":{"line":619,"column":16}}]},"63":{"line":625,"type":"if","locations":[{"start":{"line":625,"column":8},"end":{"line":625,"column":8}},{"start":{"line":625,"column":8},"end":{"line":625,"column":8}}]},"64":{"line":632,"type":"if","locations":[{"start":{"line":632,"column":8},"end":{"line":632,"column":8}},{"start":{"line":632,"column":8},"end":{"line":632,"column":8}}]},"65":{"line":634,"type":"if","locations":[{"start":{"line":634,"column":15},"end":{"line":634,"column":15}},{"start":{"line":634,"column":15},"end":{"line":634,"column":15}}]},"66":{"line":636,"type":"if","locations":[{"start":{"line":636,"column":15},"end":{"line":636,"column":15}},{"start":{"line":636,"column":15},"end":{"line":636,"column":15}}]},"67":{"line":679,"type":"if","locations":[{"start":{"line":679,"column":12},"end":{"line":679,"column":12}},{"start":{"line":679,"column":12},"end":{"line":679,"column":12}}]},"68":{"line":793,"type":"if","locations":[{"start":{"line":793,"column":8},"end":{"line":793,"column":8}},{"start":{"line":793,"column":8},"end":{"line":793,"column":8}}]},"69":{"line":800,"type":"if","locations":[{"start":{"line":800,"column":8},"end":{"line":800,"column":8}},{"start":{"line":800,"column":8},"end":{"line":800,"column":8}}]}}}}
