TN:
SF:/home/shailesh/Desktop/Vittagems/Hardhat-Contract/contracts/erc20.sol
FN:59,constructor
FN:75,setReserveOracle
FN:84,lockReserveOracle
FN:93,getReserveValue
FN:99,getReserveLastUpdated
FN:106,isReserveFresh
FN:119,mintableAmount
FN:136,mint
FN:160,pause
FN:165,unpause
FN:171,setStalenessThreshold
FN:178,_update
FNF:12
FNH:12
FNDA:35,constructor
FNDA:25,setReserveOracle
FNDA:20,lockReserveOracle
FNDA:12,getReserveValue
FNDA:3,getReserveLastUpdated
FNDA:21,isReserveFresh
FNDA:9,mintableAmount
FNDA:99,mint
FNDA:21,pause
FNDA:6,unpause
FNDA:6,setStalenessThreshold
FNDA:107,_update
DA:61,35
DA:62,32
DA:63,31
DA:65,30
DA:66,30
DA:67,30
DA:69,30
DA:76,25
DA:77,22
DA:79,21
DA:80,21
DA:85,20
DA:86,18
DA:88,17
DA:89,17
DA:94,12
DA:95,10
DA:100,3
DA:101,2
DA:108,21
DA:109,15
DA:111,14
DA:112,13
DA:114,12
DA:120,9
DA:122,8
DA:123,8
DA:126,8
DA:128,8
DA:130,8
DA:137,99
DA:139,98
DA:142,98
DA:145,93
DA:146,77
DA:147,77
DA:148,5
DA:152,88
DA:153,87
DA:155,79
DA:156,76
DA:161,21
DA:166,6
DA:172,6
DA:173,6
DA:174,6
DA:182,107
LF:47
LH:47
BRDA:61,1,0,3
BRDA:61,1,1,32
BRDA:62,2,0,1
BRDA:62,2,1,31
BRDA:63,3,0,1
BRDA:63,3,1,30
BRDA:75,4,0,25
BRDA:75,4,1,3
BRDA:76,5,0,3
BRDA:76,5,1,22
BRDA:77,6,0,1
BRDA:77,6,1,21
BRDA:84,7,0,20
BRDA:84,7,1,2
BRDA:85,8,0,2
BRDA:85,8,1,18
BRDA:86,9,0,1
BRDA:86,9,1,17
BRDA:94,10,0,2
BRDA:94,10,1,10
BRDA:100,11,0,1
BRDA:100,11,1,2
BRDA:108,12,0,6
BRDA:108,12,1,15
BRDA:109,13,0,1
BRDA:109,13,1,14
BRDA:112,14,0,1
BRDA:112,14,1,12
BRDA:120,15,0,1
BRDA:120,15,1,8
BRDA:126,16,0,4
BRDA:126,16,1,4
BRDA:128,17,0,7
BRDA:128,17,1,1
BRDA:130,18,0,5
BRDA:130,18,1,3
BRDA:136,19,0,99
BRDA:136,19,1,4
BRDA:137,20,0,1
BRDA:137,20,1,98
BRDA:142,21,0,5
BRDA:142,21,1,93
BRDA:145,22,0,77
BRDA:145,22,1,16
BRDA:147,23,0,5
BRDA:147,23,1,72
BRDA:147,24,0,1
BRDA:147,24,1,4
BRDA:153,25,0,8
BRDA:153,25,1,79
BRDA:160,26,0,21
BRDA:160,26,1,1
BRDA:165,27,0,6
BRDA:165,27,1,1
BRDA:171,28,0,6
BRDA:171,28,1,4
BRF:56
BRH:56
end_of_record
TN:
SF:/home/shailesh/Desktop/Vittagems/Hardhat-Contract/contracts/governance.sol
FN:133,constructor
FN:158,setVGMGToken
FN:169,lockVGMGToken
FN:179,addMember
FN:193,removeMember
FN:204,getMemberList
FN:220,createProposal
FN:273,vote
FN:306,executeReserveUpdate
FN:346,cancelProposal
FN:365,claimReward
FN:387,getClaimableReward
FN:401,setQuorumPercentage
FN:410,setApprovalThreshold
FN:420,setVotingDurationLimits
FN:431,setMemberCooldownPeriod
FN:439,setMaxReserveChangePercent
FN:446,pause
FN:451,unpause
FN:456,getCurrentReserve
FN:461,getProposal
FN:466,getProposalVoters
FN:473,getProposalState
FN:491,canVote
FN:505,getActiveProposalSummary
FN:524,getEcosystemStats
FN:547,withdrawVGMG
FN:554,_requireNoActiveProposal
FN:562,_checkVotingResult
FN:584,_verifyVotingResult
FNF:30
FNH:30
FNDA:55,constructor
FNDA:51,setVGMGToken
FNDA:46,lockVGMGToken
FNDA:160,addMember
FNDA:13,removeMember
FNDA:3,getMemberList
FNDA:59,createProposal
FNDA:118,vote
FNDA:48,executeReserveUpdate
FNDA:12,cancelProposal
FNDA:20,claimReward
FNDA:4,getClaimableReward
FNDA:6,setQuorumPercentage
FNDA:4,setApprovalThreshold
FNDA:4,setVotingDurationLimits
FNDA:3,setMemberCooldownPeriod
FNDA:4,setMaxReserveChangePercent
FNDA:6,pause
FNDA:1,unpause
FNDA:2,getCurrentReserve
FNDA:14,getProposal
FNDA:2,getProposalVoters
FNDA:7,getProposalState
FNDA:5,canVote
FNDA:2,getActiveProposalSummary
FNDA:1,getEcosystemStats
FNDA:4,withdrawVGMG
FNDA:15,_requireNoActiveProposal
FNDA:46,_checkVotingResult
FNDA:41,_verifyVotingResult
DA:141,55
DA:142,54
DA:143,52
DA:144,51
DA:146,49
DA:148,49
DA:149,49
DA:150,49
DA:151,49
DA:152,49
DA:159,51
DA:160,49
DA:162,48
DA:163,48
DA:165,48
DA:170,46
DA:171,45
DA:173,44
DA:174,44
DA:180,160
DA:181,159
DA:183,158
DA:184,158
DA:185,158
DA:186,158
DA:188,158
DA:194,13
DA:196,11
DA:197,11
DA:198,11
DA:200,11
DA:205,3
DA:221,59
DA:224,58
DA:225,2
DA:227,56
DA:228,55
DA:229,53
DA:230,51
DA:233,51
DA:234,2
DA:237,2
DA:238,2
DA:242,49
DA:243,39
DA:244,39
DA:245,2
DA:248,47
DA:249,47
DA:263,47
DA:265,47
DA:274,118
DA:275,118
DA:277,117
DA:278,117
DA:279,117
DA:280,115
DA:283,111
DA:284,111
DA:286,108
DA:287,108
DA:288,108
DA:290,108
DA:291,98
DA:293,10
DA:296,108
DA:308,48
DA:309,2
DA:311,46
DA:312,46
DA:313,42
DA:316,41
DA:319,37
DA:321,31
DA:322,31
DA:323,31
DA:324,31
DA:327,31
DA:328,26
DA:329,25
DA:330,25
DA:333,1
DA:337,31
DA:338,31
DA:340,31
DA:341,31
DA:347,12
DA:348,12
DA:350,10
DA:352,3
DA:353,2
DA:354,2
DA:357,8
DA:358,8
DA:360,8
DA:366,20
DA:367,20
DA:368,19
DA:369,18
DA:370,17
DA:373,14
DA:374,14
DA:376,14
DA:377,14
DA:379,13
DA:391,4
DA:392,4
DA:393,3
DA:394,3
DA:395,2
DA:396,1
DA:402,6
DA:403,4
DA:404,2
DA:405,2
DA:411,4
DA:412,2
DA:413,1
DA:414,1
DA:421,4
DA:422,2
DA:423,1
DA:424,1
DA:425,1
DA:426,1
DA:432,3
DA:433,2
DA:434,2
DA:440,4
DA:441,4
DA:442,4
DA:447,6
DA:452,1
DA:457,2
DA:462,14
DA:467,2
DA:474,7
DA:475,7
DA:476,6
DA:477,5
DA:480,4
DA:483,3
DA:484,3
DA:492,5
DA:493,4
DA:495,3
DA:496,3
DA:497,3
DA:498,2
DA:499,1
DA:501,1
DA:512,2
DA:513,1
DA:515,1
DA:516,1
DA:531,1
DA:532,1
DA:548,4
DA:549,3
DA:550,2
DA:555,15
DA:556,5
DA:563,46
DA:568,46
DA:569,46
DA:570,46
DA:575,46
DA:578,46
DA:579,46
DA:585,41
DA:586,41
DA:587,39
LF:172
LH:172
BRDA:141,1,0,1
BRDA:141,1,1,54
BRDA:142,2,0,2
BRDA:142,2,1,52
BRDA:142,3,0,1
BRDA:142,3,1,1
BRDA:143,4,0,1
BRDA:143,4,1,51
BRDA:143,5,0,1
BRDA:143,5,1,0
BRDA:144,6,0,2
BRDA:144,6,1,49
BRDA:144,7,0,1
BRDA:144,7,1,1
BRDA:158,8,0,51
BRDA:158,8,1,2
BRDA:159,9,0,2
BRDA:159,9,1,49
BRDA:160,10,0,1
BRDA:160,10,1,48
BRDA:169,11,0,46
BRDA:169,11,1,1
BRDA:170,12,0,1
BRDA:170,12,1,45
BRDA:171,13,0,1
BRDA:171,13,1,44
BRDA:179,14,0,160
BRDA:179,14,1,2
BRDA:180,15,0,1
BRDA:180,15,1,159
BRDA:181,16,0,1
BRDA:181,16,1,158
BRDA:193,17,0,13
BRDA:193,17,1,2
BRDA:194,18,0,2
BRDA:194,18,1,11
BRDA:220,19,0,60
BRDA:220,19,1,2
BRDA:220,20,0,59
BRDA:220,20,1,1
BRDA:221,21,0,1
BRDA:221,21,1,58
BRDA:224,22,0,2
BRDA:224,22,1,56
BRDA:227,23,0,1
BRDA:227,23,1,55
BRDA:228,24,0,2
BRDA:228,24,1,53
BRDA:228,25,0,1
BRDA:228,25,1,1
BRDA:229,26,0,2
BRDA:229,26,1,51
BRDA:230,27,0,0
BRDA:230,27,1,51
BRDA:233,28,0,2
BRDA:233,28,1,49
BRDA:235,29,0,2
BRDA:235,29,1,0
BRDA:237,30,0,2
BRDA:237,30,1,0
BRDA:242,31,0,39
BRDA:242,31,1,10
BRDA:244,32,0,2
BRDA:244,32,1,37
BRDA:244,33,0,0
BRDA:244,33,1,2
BRDA:273,34,0,119
BRDA:273,34,1,4
BRDA:273,35,0,118
BRDA:273,35,1,1
BRDA:275,36,0,1
BRDA:275,36,1,117
BRDA:278,37,0,0
BRDA:278,37,1,117
BRDA:279,38,0,2
BRDA:279,38,1,115
BRDA:279,39,0,0
BRDA:279,39,1,2
BRDA:280,40,0,4
BRDA:280,40,1,111
BRDA:284,41,0,3
BRDA:284,41,1,108
BRDA:290,42,0,98
BRDA:290,42,1,10
BRDA:306,43,0,49
BRDA:306,43,1,0
BRDA:306,44,0,48
BRDA:306,44,1,1
BRDA:308,45,0,2
BRDA:308,45,1,46
BRDA:312,46,0,4
BRDA:312,46,1,42
BRDA:313,47,0,1
BRDA:313,47,1,41
BRDA:319,48,0,6
BRDA:319,48,1,31
BRDA:327,49,0,26
BRDA:327,49,1,5
BRDA:348,50,0,2
BRDA:348,50,1,10
BRDA:350,51,0,3
BRDA:350,51,1,7
BRDA:352,52,0,1
BRDA:352,52,1,2
BRDA:354,53,0,1
BRDA:354,53,1,1
BRDA:354,54,0,0
BRDA:354,54,1,1
BRDA:365,55,0,20
BRDA:365,55,1,0
BRDA:367,56,0,1
BRDA:367,56,1,19
BRDA:368,57,0,1
BRDA:368,57,1,18
BRDA:369,58,0,1
BRDA:369,58,1,17
BRDA:370,59,0,3
BRDA:370,59,1,14
BRDA:374,60,0,0
BRDA:374,60,1,14
BRDA:377,61,0,13
BRDA:377,61,1,1
BRDA:392,62,0,1
BRDA:392,62,1,3
BRDA:393,63,0,0
BRDA:393,63,1,3
BRDA:394,64,0,1
BRDA:394,64,1,2
BRDA:395,65,0,1
BRDA:395,65,1,1
BRDA:401,66,0,6
BRDA:401,66,1,2
BRDA:402,67,0,2
BRDA:402,67,1,4
BRDA:402,68,0,1
BRDA:402,68,1,1
BRDA:410,69,0,4
BRDA:410,69,1,0
BRDA:411,70,0,2
BRDA:411,70,1,2
BRDA:411,71,0,1
BRDA:411,71,1,1
BRDA:420,72,0,4
BRDA:420,72,1,0
BRDA:421,73,0,2
BRDA:421,73,1,2
BRDA:421,74,0,1
BRDA:421,74,1,1
BRDA:431,75,0,3
BRDA:431,75,1,0
BRDA:439,76,0,4
BRDA:439,76,1,0
BRDA:446,77,0,6
BRDA:446,77,1,2
BRDA:451,78,0,1
BRDA:451,78,1,1
BRDA:475,79,0,1
BRDA:475,79,1,6
BRDA:476,80,0,1
BRDA:476,80,1,5
BRDA:477,81,0,1
BRDA:477,81,1,4
BRDA:480,82,0,1
BRDA:480,82,1,3
BRDA:484,83,0,2
BRDA:484,83,1,1
BRDA:492,84,0,1
BRDA:492,84,1,4
BRDA:493,85,0,1
BRDA:493,85,1,3
BRDA:496,86,0,0
BRDA:496,86,1,3
BRDA:497,87,0,1
BRDA:497,87,1,2
BRDA:497,88,0,0
BRDA:497,88,1,1
BRDA:498,89,0,1
BRDA:498,89,1,1
BRDA:499,90,0,0
BRDA:499,90,1,1
BRDA:512,91,0,1
BRDA:512,91,1,1
BRDA:531,92,0,1
BRDA:531,92,1,0
BRDA:535,93,0,1
BRDA:535,93,1,0
BRDA:540,94,0,1
BRDA:540,94,1,0
BRDA:547,95,0,4
BRDA:547,95,1,2
BRDA:547,96,0,4
BRDA:547,96,1,0
BRDA:548,97,0,1
BRDA:548,97,1,3
BRDA:549,98,0,1
BRDA:549,98,1,2
BRDA:550,99,0,2
BRDA:550,99,1,0
BRDA:555,100,0,5
BRDA:555,100,1,10
BRDA:569,101,0,0
BRDA:569,101,1,46
BRDA:576,102,0,46
BRDA:576,102,1,0
BRDA:578,103,0,0
BRDA:578,103,1,46
BRDA:586,104,0,2
BRDA:586,104,1,39
BRDA:587,105,0,2
BRDA:587,105,1,37
BRF:210
BRH:183
end_of_record
TN:
SF:/home/shailesh/Desktop/Vittagems/Hardhat-Contract/contracts/presale.sol
FN:117,constructor
FN:140,getDiscountedPrice
FN:165,calculateTotalCostWithDiscount
FN:176,calculateTotalCostAtBasePrice
FN:189,buyTokensWithNative
FN:215,buyTokensWithStablecoin
FN:228,buyTokensWithNativeAtBasePrice
FN:253,buyTokensWithStablecoinAtBasePrice
FN:259,_buyWithStablecoin
FN:291,_processPurchase
FN:323,getNativeAmountFromUsd
FN:341,getDiscountInfo
FN:367,pauseDiscountedSale
FN:375,resumeDiscountedSale
FN:383,isDiscountedSaleActive
FN:391,setBasePrice
FN:410,withdrawFunds
FN:434,pauseSale
FN:441,resumeSale
FN:449,setPriceFeed
FNF:20
FNH:20
FNDA:23,constructor
FNDA:86,getDiscountedPrice
FNDA:72,calculateTotalCostWithDiscount
FNDA:13,calculateTotalCostAtBasePrice
FNDA:28,buyTokensWithNative
FNDA:45,buyTokensWithStablecoin
FNDA:5,buyTokensWithNativeAtBasePrice
FNDA:6,buyTokensWithStablecoinAtBasePrice
FNDA:50,_buyWithStablecoin
FNDA:57,_processPurchase
FNDA:57,getNativeAmountFromUsd
FNDA:5,getDiscountInfo
FNDA:17,pauseDiscountedSale
FNDA:8,resumeDiscountedSale
FNDA:5,isDiscountedSaleActive
FNDA:10,setBasePrice
FNDA:11,withdrawFunds
FNDA:14,pauseSale
FNDA:3,resumeSale
FNDA:5,setPriceFeed
DA:118,23
DA:119,21
DA:120,20
DA:121,19
DA:122,18
DA:124,18
DA:125,18
DA:126,18
DA:127,18
DA:141,86
DA:144,86
DA:147,86
DA:149,86
DA:150,9
DA:152,3
DA:154,3
DA:156,9
DA:166,72
DA:167,71
DA:168,71
DA:177,13
DA:178,12
DA:190,28
DA:191,27
DA:193,25
DA:194,25
DA:196,18
DA:198,16
DA:201,14
DA:202,14
DA:203,14
DA:216,45
DA:217,44
DA:229,5
DA:231,4
DA:232,4
DA:234,4
DA:236,4
DA:239,4
DA:240,4
DA:241,4
DA:254,6
DA:264,50
DA:266,4
DA:268,46
DA:270,41
DA:274,41
DA:275,41
DA:277,40
DA:278,40
DA:279,40
DA:282,40
DA:288,37
DA:298,57
DA:300,57
DA:301,57
DA:303,57
DA:304,57
DA:307,51
DA:309,49
DA:310,49
DA:313,49
DA:324,57
DA:326,56
DA:327,51
DA:329,46
DA:332,46
DA:345,5
DA:347,5
DA:348,1
DA:350,1
DA:352,1
DA:354,1
DA:356,1
DA:359,5
DA:368,17
DA:369,17
DA:376,8
DA:377,8
DA:384,5
DA:392,10
DA:393,4
DA:396,6
DA:397,6
DA:399,6
DA:411,11
DA:413,11
DA:414,6
DA:415,6
DA:417,5
DA:418,5
DA:419,5
DA:421,5
DA:422,5
DA:423,5
DA:425,4
DA:426,4
DA:427,4
DA:435,14
DA:442,3
DA:450,5
DA:451,3
DA:452,3
LF:103
LH:103
BRDA:118,1,0,2
BRDA:118,1,1,21
BRDA:119,2,0,1
BRDA:119,2,1,20
BRDA:120,3,0,1
BRDA:120,3,1,19
BRDA:121,4,0,1
BRDA:121,4,1,18
BRDA:122,5,0,0
BRDA:122,5,1,18
BRDA:149,6,0,9
BRDA:149,6,1,77
BRDA:151,7,0,3
BRDA:151,7,1,74
BRDA:153,8,0,3
BRDA:153,8,1,71
BRDA:155,9,0,9
BRDA:155,9,1,62
BRDA:166,10,0,1
BRDA:166,10,1,71
BRDA:177,11,0,1
BRDA:177,11,1,12
BRDA:189,12,0,30
BRDA:189,12,1,1
BRDA:189,13,0,28
BRDA:189,13,1,2
BRDA:190,14,0,1
BRDA:190,14,1,27
BRDA:191,15,0,2
BRDA:191,15,1,25
BRDA:196,16,0,2
BRDA:196,16,1,16
BRDA:203,17,0,13
BRDA:203,17,1,1
BRDA:215,18,0,45
BRDA:215,18,1,2
BRDA:215,19,0,45
BRDA:215,19,1,0
BRDA:216,20,0,1
BRDA:216,20,1,44
BRDA:228,21,0,5
BRDA:228,21,1,1
BRDA:228,22,0,5
BRDA:228,22,1,0
BRDA:229,23,0,1
BRDA:229,23,1,4
BRDA:234,24,0,0
BRDA:234,24,1,4
BRDA:241,25,0,4
BRDA:241,25,1,0
BRDA:253,26,0,6
BRDA:253,26,1,1
BRDA:253,27,0,6
BRDA:253,27,1,0
BRDA:264,28,0,4
BRDA:264,28,1,46
BRDA:268,29,0,5
BRDA:268,29,1,41
BRDA:271,30,0,37
BRDA:271,30,1,4
BRDA:275,31,0,1
BRDA:275,31,1,40
BRDA:298,32,0,0
BRDA:298,32,1,57
BRDA:304,33,0,6
BRDA:304,33,1,51
BRDA:326,34,0,5
BRDA:326,34,1,51
BRDA:327,35,0,5
BRDA:327,35,1,46
BRDA:347,36,0,1
BRDA:347,36,1,4
BRDA:349,37,0,1
BRDA:349,37,1,3
BRDA:351,38,0,1
BRDA:351,38,1,2
BRDA:353,39,0,1
BRDA:353,39,1,1
BRDA:367,40,0,17
BRDA:367,40,1,2
BRDA:375,41,0,8
BRDA:375,41,1,2
BRDA:391,42,0,10
BRDA:391,42,1,2
BRDA:392,43,0,4
BRDA:392,43,1,6
BRDA:392,44,0,2
BRDA:392,44,1,2
BRDA:410,45,0,11
BRDA:410,45,1,4
BRDA:413,46,0,6
BRDA:413,46,1,5
BRDA:415,47,0,1
BRDA:415,47,1,5
BRDA:417,48,0,4
BRDA:417,48,1,0
BRDA:417,49,0,4
BRDA:417,49,1,1
BRDA:423,50,0,1
BRDA:423,50,1,4
BRDA:425,51,0,2
BRDA:425,51,1,1
BRDA:425,52,0,3
BRDA:425,52,1,1
BRDA:434,53,0,14
BRDA:434,53,1,1
BRDA:441,54,0,3
BRDA:441,54,1,1
BRDA:449,55,0,5
BRDA:449,55,1,2
BRDA:450,56,0,2
BRDA:450,56,1,3
BRF:112
BRH:104
end_of_record
TN:
SF:/home/shailesh/Desktop/Vittagems/Hardhat-Contract/contracts/staking.sol
FN:183,constructor
FN:199,
FN:216,stake
FN:270,claimReward
FN:297,unstake
FN:336,emergencyWithdraw
FN:370,updateRewardRate
FN:390,updateTierDuration
FN:408,updateMinStakeAmount
FN:426,setTierActive
FN:447,batchUpdateTierPlans
FN:477,_updateSingleTierPlan
FN:515,depositRewardPool
FN:535,withdrawRewardPool
FN:551,setMinimumReserve
FN:568,recoverERC20
FN:581,pause
FN:589,unpause
FN:605,getUserCurrentTier
FN:649,getUserTotalStaked
FN:666,getUserTotalRewards
FN:693,getAllTierPlans
FN:715,getContractStats
FN:729,getUserStakeIds
FN:738,getTierPlan
FN:749,_initializeTierPlans
FN:789,_calculateClaimableReward
FNF:27
FNH:27
FNDA:33,constructor
FNDA:2,
FNDA:220,stake
FNDA:31,claimReward
FNDA:35,unstake
FNDA:18,emergencyWithdraw
FNDA:7,updateRewardRate
FNDA:4,updateTierDuration
FNDA:4,updateMinStakeAmount
FNDA:6,setTierActive
FNDA:7,batchUpdateTierPlans
FNDA:9,_updateSingleTierPlan
FNDA:36,depositRewardPool
FNDA:16,withdrawRewardPool
FNDA:7,setMinimumReserve
FNDA:8,recoverERC20
FNDA:23,pause
FNDA:4,unpause
FNDA:6,getUserCurrentTier
FNDA:6,getUserTotalStaked
FNDA:7,getUserTotalRewards
FNDA:1,getAllTierPlans
FNDA:1,getContractStats
FNDA:3,getUserStakeIds
FNDA:13,getTierPlan
FNDA:32,_initializeTierPlans
FNDA:56,_calculateClaimableReward
DA:184,33
DA:185,32
DA:187,32
DA:188,32
DA:196,2
DA:200,2
DA:217,220
DA:219,219
DA:220,219
DA:221,218
DA:223,216
DA:224,216
DA:227,215
DA:230,212
DA:233,212
DA:234,212
DA:235,212
DA:238,212
DA:241,212
DA:255,212
DA:271,31
DA:273,31
DA:274,29
DA:275,27
DA:277,25
DA:279,25
DA:280,21
DA:282,19
DA:283,19
DA:284,19
DA:286,19
DA:288,19
DA:290,19
DA:298,35
DA:300,35
DA:301,34
DA:302,32
DA:304,30
DA:305,30
DA:307,24
DA:309,24
DA:310,2
DA:313,22
DA:314,22
DA:316,22
DA:317,21
DA:318,21
DA:321,22
DA:323,22
DA:324,22
DA:325,22
DA:327,22
DA:329,22
DA:337,18
DA:339,17
DA:341,17
DA:342,16
DA:343,14
DA:345,11
DA:347,11
DA:349,11
DA:350,11
DA:351,11
DA:353,11
DA:355,11
DA:371,7
DA:372,2
DA:375,5
DA:376,5
DA:377,5
DA:379,5
DA:391,4
DA:393,3
DA:394,3
DA:395,3
DA:397,3
DA:409,4
DA:411,3
DA:412,3
DA:413,3
DA:415,3
DA:427,6
DA:428,6
DA:430,6
DA:448,7
DA:449,7
DA:455,1
DA:458,6
DA:459,9
DA:484,9
DA:485,1
DA:487,8
DA:488,1
DA:490,7
DA:491,1
DA:494,6
DA:496,6
DA:497,6
DA:499,6
DA:500,6
DA:501,6
DA:502,6
DA:504,6
DA:506,6
DA:507,0
DA:516,36
DA:518,35
DA:519,35
DA:520,35
DA:522,35
DA:523,1
DA:526,34
DA:528,34
DA:536,16
DA:538,15
DA:539,15
DA:541,10
DA:542,10
DA:544,10
DA:552,7
DA:553,7
DA:555,7
DA:569,8
DA:570,5
DA:571,4
DA:573,3
DA:575,3
DA:582,23
DA:583,22
DA:590,4
DA:591,3
DA:610,6
DA:611,6
DA:613,6
DA:615,6
DA:616,55
DA:617,55
DA:618,54
DA:619,54
DA:620,5
DA:625,6
DA:626,2
DA:629,4
DA:630,4
DA:632,4
DA:633,2
DA:635,0
DA:637,1
DA:639,1
DA:653,6
DA:671,7
DA:672,7
DA:674,7
DA:675,7
DA:677,7
DA:679,7
DA:680,7
DA:681,7
DA:685,7
DA:697,1
DA:698,1
DA:699,1
DA:700,1
DA:702,1
DA:703,1
DA:704,1
DA:705,1
DA:721,1
DA:730,3
DA:739,13
DA:751,32
DA:759,32
DA:767,32
DA:775,32
DA:793,56
DA:794,1
DA:797,55
DA:798,55
DA:800,55
DA:801,49
LF:180
LH:178
BRDA:184,1,0,1
BRDA:184,1,1,32
BRDA:185,2,0,0
BRDA:185,2,1,32
BRDA:216,3,0,221
BRDA:216,3,1,0
BRDA:216,4,0,220
BRDA:216,4,1,1
BRDA:217,5,0,1
BRDA:217,5,1,219
BRDA:220,6,0,1
BRDA:220,6,1,218
BRDA:221,7,0,2
BRDA:221,7,1,216
BRDA:224,8,0,1
BRDA:224,8,1,215
BRDA:270,9,0,32
BRDA:270,9,1,0
BRDA:270,10,0,31
BRDA:270,10,1,1
BRDA:273,11,0,2
BRDA:273,11,1,29
BRDA:274,12,0,2
BRDA:274,12,1,27
BRDA:275,13,0,2
BRDA:275,13,1,25
BRDA:279,14,0,4
BRDA:279,14,1,21
BRDA:280,15,0,2
BRDA:280,15,1,19
BRDA:297,16,0,36
BRDA:297,16,1,0
BRDA:297,17,0,35
BRDA:297,17,1,1
BRDA:300,18,0,1
BRDA:300,18,1,34
BRDA:301,19,0,2
BRDA:301,19,1,32
BRDA:302,20,0,2
BRDA:302,20,1,30
BRDA:305,21,0,6
BRDA:305,21,1,24
BRDA:309,22,0,2
BRDA:309,22,1,22
BRDA:316,23,0,21
BRDA:316,23,1,1
BRDA:336,24,0,18
BRDA:336,24,1,0
BRDA:337,25,0,1
BRDA:337,25,1,17
BRDA:341,26,0,1
BRDA:341,26,1,16
BRDA:342,27,0,2
BRDA:342,27,1,14
BRDA:343,28,0,3
BRDA:343,28,1,11
BRDA:370,29,0,7
BRDA:370,29,1,2
BRDA:371,30,0,2
BRDA:371,30,1,5
BRDA:371,31,0,1
BRDA:371,31,1,1
BRDA:390,32,0,4
BRDA:390,32,1,1
BRDA:391,33,0,1
BRDA:391,33,1,3
BRDA:408,34,0,4
BRDA:408,34,1,1
BRDA:409,35,0,1
BRDA:409,35,1,3
BRDA:426,36,0,6
BRDA:426,36,1,2
BRDA:447,37,0,7
BRDA:447,37,1,1
BRDA:449,38,0,1
BRDA:449,38,1,6
BRDA:450,39,0,1
BRDA:450,39,1,0
BRDA:450,40,0,0
BRDA:450,40,1,0
BRDA:450,41,0,0
BRDA:450,41,1,0
BRDA:484,42,0,1
BRDA:484,42,1,8
BRDA:484,43,0,1
BRDA:484,43,1,0
BRDA:487,44,0,1
BRDA:487,44,1,7
BRDA:490,45,0,1
BRDA:490,45,1,6
BRDA:506,46,0,0
BRDA:506,46,1,6
BRDA:515,47,0,36
BRDA:515,47,1,1
BRDA:516,48,0,1
BRDA:516,48,1,35
BRDA:522,49,0,1
BRDA:522,49,1,34
BRDA:535,50,0,16
BRDA:535,50,1,2
BRDA:536,51,0,1
BRDA:536,51,1,15
BRDA:538,52,0,11
BRDA:538,52,1,4
BRDA:539,53,0,5
BRDA:539,53,1,10
BRDA:551,54,0,7
BRDA:551,54,1,1
BRDA:568,55,0,8
BRDA:568,55,1,2
BRDA:569,56,0,3
BRDA:569,56,1,5
BRDA:570,57,0,1
BRDA:570,57,1,4
BRDA:571,58,0,1
BRDA:571,58,1,3
BRDA:581,59,0,23
BRDA:581,59,1,2
BRDA:589,60,0,4
BRDA:589,60,1,1
BRDA:617,61,0,54
BRDA:617,61,1,1
BRDA:619,62,0,5
BRDA:619,62,1,49
BRDA:625,63,0,2
BRDA:625,63,1,4
BRDA:632,64,0,2
BRDA:632,64,1,2
BRDA:634,65,0,0
BRDA:634,65,1,2
BRDA:636,66,0,1
BRDA:636,66,1,1
BRDA:679,67,0,7
BRDA:679,67,1,0
BRDA:793,68,0,1
BRDA:793,68,1,55
BRDA:800,69,0,49
BRDA:800,69,1,6
BRF:138
BRH:124
end_of_record
